2023-09-06T21:10:22.007+05:00  INFO 10708 --- [main] org.example.Main                         : Starting Main using Java 20.0.2 with PID 10708 (C:\Users\Alishi\Downloads\to-do\bank-api\target\classes started by Alishi in C:\Users\Alishi\Downloads\to-do\bank-api)
2023-09-06T21:10:22.011+05:00  INFO 10708 --- [main] org.example.Main                         : The following 1 profile is active: "dev"
2023-09-06T21:10:24.377+05:00  INFO 10708 --- [main] .s.d.r.c.RepositoryConfigurationDelegate : Bootstrapping Spring Data JPA repositories in DEFAULT mode.
2023-09-06T21:10:24.507+05:00  INFO 10708 --- [main] .s.d.r.c.RepositoryConfigurationDelegate : Finished Spring Data repository scanning in 111 ms. Found 4 JPA repository interfaces.
2023-09-06T21:10:25.995+05:00  INFO 10708 --- [main] o.s.b.w.embedded.tomcat.TomcatWebServer  : Tomcat initialized with port(s): 1080 (http)
2023-09-06T21:10:26.013+05:00  INFO 10708 --- [main] o.apache.catalina.core.StandardService   : Starting service [Tomcat]
2023-09-06T21:10:26.014+05:00  INFO 10708 --- [main] o.apache.catalina.core.StandardEngine    : Starting Servlet engine: [Apache Tomcat/10.1.11]
2023-09-06T21:10:26.206+05:00  INFO 10708 --- [main] o.a.c.c.C.[Tomcat].[localhost].[/]       : Initializing Spring embedded WebApplicationContext
2023-09-06T21:10:26.208+05:00  INFO 10708 --- [main] w.s.c.ServletWebServerApplicationContext : Root WebApplicationContext: initialization completed in 4051 ms
2023-09-06T21:10:26.494+05:00  INFO 10708 --- [main] com.zaxxer.hikari.HikariDataSource       : HikariPool-1 - Starting...
2023-09-06T21:10:27.102+05:00  INFO 10708 --- [main] com.zaxxer.hikari.pool.HikariPool        : HikariPool-1 - Added connection conn0: url=jdbc:h2:mem:bankdb user=SA
2023-09-06T21:10:27.108+05:00  INFO 10708 --- [main] com.zaxxer.hikari.HikariDataSource       : HikariPool-1 - Start completed.
2023-09-06T21:10:27.149+05:00  INFO 10708 --- [main] o.s.b.a.h2.H2ConsoleAutoConfiguration    : H2 console available at '/h2-console'. Database available at 'jdbc:h2:mem:bankdb'
2023-09-06T21:10:27.485+05:00 DEBUG 10708 --- [main] o.s.b.w.s.ServletContextInitializerBeans : Mapping filters: webMvcObservationFilter urls=[/*] order=-2147483647, springSecurityFilterChain urls=[/*] order=-100, characterEncodingFilter urls=[/*] order=-2147483648, formContentFilter urls=[/*] order=-9900, requestContextFilter urls=[/*] order=-105
2023-09-06T21:10:27.491+05:00 DEBUG 10708 --- [main] o.s.b.w.s.ServletContextInitializerBeans : Mapping servlets: dispatcherServlet urls=[/], h2Console urls=[/h2-console/*]
2023-09-06T21:10:27.608+05:00 DEBUG 10708 --- [main] o.s.w.f.ServerHttpObservationFilter      : Filter 'webMvcObservationFilter' configured for use
2023-09-06T21:10:28.031+05:00  INFO 10708 --- [main] liquibase.database                       : Set default schema name to PUBLIC
2023-09-06T21:10:29.766+05:00  INFO 10708 --- [main] liquibase.executor                       : Changelog query completed.
2023-09-06T21:10:29.782+05:00  INFO 10708 --- [main] liquibase.executor                       : Changelog query completed.
2023-09-06T21:10:29.797+05:00  INFO 10708 --- [main] liquibase.executor                       : Changelog query completed.
2023-09-06T21:10:29.803+05:00  INFO 10708 --- [main] liquibase.executor                       : Changelog query completed.
2023-09-06T21:10:29.817+05:00  INFO 10708 --- [main] liquibase.executor                       : Changelog query completed.
2023-09-06T21:10:29.818+05:00  INFO 10708 --- [main] liquibase.lockservice                    : Successfully acquired change log lock
2023-09-06T21:10:29.865+05:00  INFO 10708 --- [main] liquibase.changelog                      : Creating database history table with name: PUBLIC.DATABASECHANGELOG
2023-09-06T21:10:29.884+05:00  INFO 10708 --- [main] liquibase.executor                       : Changelog query completed.
2023-09-06T21:10:29.889+05:00  INFO 10708 --- [main] liquibase.changelog                      : Reading from PUBLIC.DATABASECHANGELOG
2023-09-06T21:10:29.900+05:00  INFO 10708 --- [main] liquibase.executor                       : Changelog query completed.
2023-09-06T21:10:29.903+05:00  INFO 10708 --- [main] liquibase.executor                       : Changelog query completed.
2023-09-06T21:10:30.286+05:00  INFO 10708 --- [main] liquibase.changelog                      : Table Account created
2023-09-06T21:10:30.292+05:00  INFO 10708 --- [main] liquibase.changelog                      : Primary key added to Account (account_id)
2023-09-06T21:10:30.301+05:00  INFO 10708 --- [main] liquibase.changelog                      : Index accounts_ix_01 created
2023-09-06T21:10:30.303+05:00  INFO 10708 --- [main] liquibase.changelog                      : ChangeSet db/changelog/db.changelog-schema-Account.yaml::schema-Account::bank team ran successfully in 40ms
2023-09-06T21:10:30.315+05:00  INFO 10708 --- [main] liquibase.executor                       : Changelog query completed.
2023-09-06T21:10:30.319+05:00  INFO 10708 --- [main] liquibase.executor                       : Changelog query completed.
2023-09-06T21:10:30.333+05:00  INFO 10708 --- [main] liquibase.changelog                      : New row inserted into Account
2023-09-06T21:10:30.336+05:00  INFO 10708 --- [main] liquibase.changelog                      : New row inserted into Account
2023-09-06T21:10:30.337+05:00  INFO 10708 --- [main] liquibase.changelog                      : ChangeSet db/changelog/db.changelog-data-Account.yaml::data-Account::bank team ran successfully in 16ms
2023-09-06T21:10:30.341+05:00  INFO 10708 --- [main] liquibase.executor                       : Changelog query completed.
2023-09-06T21:10:30.364+05:00  INFO 10708 --- [main] liquibase.changelog                      : Table Users created
2023-09-06T21:10:30.372+05:00  INFO 10708 --- [main] liquibase.changelog                      : Primary key added to Users (user_id)
2023-09-06T21:10:30.383+05:00  INFO 10708 --- [main] liquibase.changelog                      : Unique constraint added to Users(user_name)
2023-09-06T21:10:30.397+05:00  INFO 10708 --- [main] liquibase.changelog                      : Foreign key constraint added to Users (account_id)
2023-09-06T21:10:30.400+05:00  INFO 10708 --- [main] liquibase.changelog                      : Index users_ix_01 created
2023-09-06T21:10:30.401+05:00  INFO 10708 --- [main] liquibase.changelog                      : ChangeSet db/changelog/db.changelog-schema-Users.yaml::schema-Users::bank team ran successfully in 56ms
2023-09-06T21:10:30.404+05:00  INFO 10708 --- [main] liquibase.executor                       : Changelog query completed.
2023-09-06T21:10:30.417+05:00  INFO 10708 --- [main] liquibase.changelog                      : New row inserted into Users
2023-09-06T21:10:30.425+05:00  INFO 10708 --- [main] liquibase.changelog                      : New row inserted into Users
2023-09-06T21:10:30.433+05:00  INFO 10708 --- [main] liquibase.changelog                      : New row inserted into Users
2023-09-06T21:10:30.435+05:00  INFO 10708 --- [main] liquibase.changelog                      : ChangeSet db/changelog/db.changelog-data-Users.yaml::data-Users::bank team ran successfully in 26ms
2023-09-06T21:10:30.438+05:00  INFO 10708 --- [main] liquibase.executor                       : Changelog query completed.
2023-09-06T21:10:30.451+05:00  INFO 10708 --- [main] liquibase.changelog                      : Table Balance created
2023-09-06T21:10:30.455+05:00  INFO 10708 --- [main] liquibase.changelog                      : Primary key added to Balance (balance_id)
2023-09-06T21:10:30.463+05:00  INFO 10708 --- [main] liquibase.changelog                      : Foreign key constraint added to Balance (account_id)
2023-09-06T21:10:30.466+05:00  INFO 10708 --- [main] liquibase.changelog                      : Index balance_ix_01 created
2023-09-06T21:10:30.468+05:00  INFO 10708 --- [main] liquibase.changelog                      : ChangeSet db/changelog/db.changelog-schema-Balance.yaml::schema-Balance::bank team ran successfully in 27ms
2023-09-06T21:10:30.478+05:00  INFO 10708 --- [main] liquibase.executor                       : Changelog query completed.
2023-09-06T21:10:30.501+05:00  INFO 10708 --- [main] liquibase.changelog                      : New row inserted into Balance
2023-09-06T21:10:30.507+05:00  INFO 10708 --- [main] liquibase.changelog                      : New row inserted into Balance
2023-09-06T21:10:30.512+05:00  INFO 10708 --- [main] liquibase.changelog                      : ChangeSet db/changelog/db.changelog-data-Balance.yaml::data-Balance::bank team ran successfully in 29ms
2023-09-06T21:10:30.520+05:00  INFO 10708 --- [main] liquibase.executor                       : Changelog query completed.
2023-09-06T21:10:30.549+05:00  INFO 10708 --- [main] liquibase.changelog                      : Table Transaction created
2023-09-06T21:10:30.555+05:00  INFO 10708 --- [main] liquibase.changelog                      : Primary key added to Transaction (transaction_id)
2023-09-06T21:10:30.567+05:00  INFO 10708 --- [main] liquibase.changelog                      : Foreign key constraint added to Transaction (account_id)
2023-09-06T21:10:30.574+05:00  INFO 10708 --- [main] liquibase.changelog                      : Foreign key constraint added to Transaction (balance_id)
2023-09-06T21:10:30.578+05:00  INFO 10708 --- [main] liquibase.changelog                      : Index transactions_ix_01 created
2023-09-06T21:10:30.581+05:00  INFO 10708 --- [main] liquibase.changelog                      : Index transactions_ix_02 created
2023-09-06T21:10:30.581+05:00  INFO 10708 --- [main] liquibase.changelog                      : ChangeSet db/changelog/db.changelog-schema-Transaction.yaml::schema-Transaction::bank team ran successfully in 60ms
2023-09-06T21:10:30.584+05:00  INFO 10708 --- [main] liquibase.executor                       : Changelog query completed.
2023-09-06T21:10:30.587+05:00  INFO 10708 --- [main] liquibase.changelog                      : New row inserted into Transaction
2023-09-06T21:10:30.590+05:00  INFO 10708 --- [main] liquibase.changelog                      : New row inserted into Transaction
2023-09-06T21:10:30.594+05:00  INFO 10708 --- [main] liquibase.changelog                      : ChangeSet db/changelog/db.changelog-data-Transaction.yaml::data-Transaction::bank team ran successfully in 9ms
2023-09-06T21:10:30.596+05:00  INFO 10708 --- [main] liquibase.executor                       : Changelog query completed.
2023-09-06T21:10:30.600+05:00  INFO 10708 --- [main] liquibase                                : Update command completed successfully.
2023-09-06T21:10:30.603+05:00  INFO 10708 --- [main] liquibase.executor                       : Changelog query completed.
2023-09-06T21:10:30.603+05:00  INFO 10708 --- [main] liquibase.lockservice                    : Successfully released change log lock
2023-09-06T21:10:30.874+05:00  INFO 10708 --- [main] o.hibernate.jpa.internal.util.LogHelper  : HHH000204: Processing PersistenceUnitInfo [name: default]
2023-09-06T21:10:31.001+05:00  INFO 10708 --- [main] org.hibernate.Version                    : HHH000412: Hibernate ORM core version 6.2.6.Final
2023-09-06T21:10:31.004+05:00  INFO 10708 --- [main] org.hibernate.cfg.Environment            : HHH000406: Using bytecode reflection optimizer
2023-09-06T21:10:31.602+05:00  INFO 10708 --- [main] o.h.b.i.BytecodeProviderInitiator        : HHH000021: Bytecode provider name : bytebuddy
2023-09-06T21:10:32.055+05:00  INFO 10708 --- [main] o.s.o.j.p.SpringPersistenceUnitInfo      : No LoadTimeWeaver setup: ignoring JPA class transformer
2023-09-06T21:10:32.513+05:00  INFO 10708 --- [main] o.h.b.i.BytecodeProviderInitiator        : HHH000021: Bytecode provider name : bytebuddy
2023-09-06T21:10:34.311+05:00  INFO 10708 --- [main] o.h.e.t.j.p.i.JtaPlatformInitiator       : HHH000490: Using JtaPlatform implementation: [org.hibernate.engine.transaction.jta.platform.internal.NoJtaPlatform]
2023-09-06T21:10:34.316+05:00  INFO 10708 --- [main] j.LocalContainerEntityManagerFactoryBean : Initialized JPA EntityManagerFactory for persistence unit 'default'
2023-09-06T21:10:34.976+05:00  INFO 10708 --- [main] o.s.d.j.r.query.QueryEnhancerFactory     : Hibernate is in classpath; If applicable, HQL parser will be used.
2023-09-06T21:10:35.796+05:00  WARN 10708 --- [main] .s.s.UserDetailsServiceAutoConfiguration : 

Using generated security password: 360e73b3-7ddd-460b-bd95-fcb45faca629

This generated password is for development use only. Your security configuration must be updated before running your application in production.

2023-09-06T21:10:35.948+05:00  INFO 10708 --- [main] o.s.s.web.DefaultSecurityFilterChain     : Will secure any request with [org.springframework.security.web.session.DisableEncodeUrlFilter@32fb4a87, org.springframework.security.web.context.request.async.WebAsyncManagerIntegrationFilter@37ecc472, org.springframework.security.web.context.SecurityContextHolderFilter@344eaf7e, org.springframework.security.web.header.HeaderWriterFilter@3446ab40, org.springframework.security.web.authentication.logout.LogoutFilter@681302ad, org.springframework.security.web.authentication.UsernamePasswordAuthenticationFilter@594793d1, org.springframework.security.web.authentication.ui.DefaultLoginPageGeneratingFilter@3ef2f84c, org.springframework.security.web.authentication.ui.DefaultLogoutPageGeneratingFilter@27311c99, org.springframework.security.web.savedrequest.RequestCacheAwareFilter@f8b6743, org.springframework.security.web.servletapi.SecurityContextHolderAwareRequestFilter@644eed73, org.springframework.security.web.authentication.AnonymousAuthenticationFilter@76ac3ad0, org.springframework.security.web.access.ExceptionTranslationFilter@3c55e9d4, org.springframework.security.web.access.intercept.AuthorizationFilter@3dc70aa0]
2023-09-06T21:10:36.198+05:00 DEBUG 10708 --- [main] s.w.s.m.m.a.RequestMappingHandlerAdapter : ControllerAdvice beans: 0 @ModelAttribute, 0 @InitBinder, 1 RequestBodyAdvice, 1 ResponseBodyAdvice
2023-09-06T21:10:36.433+05:00 DEBUG 10708 --- [main] s.w.s.m.m.a.RequestMappingHandlerMapping : 11 mappings in 'requestMappingHandlerMapping'
2023-09-06T21:10:36.553+05:00 DEBUG 10708 --- [main] o.s.w.s.handler.SimpleUrlHandlerMapping  : Patterns [/webjars/**, /**, /swagger-ui*/*swagger-initializer.js, /swagger-ui*/**] in 'resourceHandlerMapping'
2023-09-06T21:10:36.584+05:00 DEBUG 10708 --- [main] .m.m.a.ExceptionHandlerExceptionResolver : ControllerAdvice beans: 1 @ExceptionHandler, 1 ResponseBodyAdvice
2023-09-06T21:10:37.539+05:00  INFO 10708 --- [main] o.s.b.a.e.web.EndpointLinksResolver      : Exposing 15 endpoint(s) beneath base path '/actuator'
2023-09-06T21:10:37.699+05:00  INFO 10708 --- [main] o.s.b.w.embedded.tomcat.TomcatWebServer  : Tomcat started on port(s): 1080 (http) with context path ''
2023-09-06T21:10:37.736+05:00  INFO 10708 --- [main] org.example.Main                         : Started Main in 16.752 seconds (process running for 17.564)
2023-09-06T21:11:28.062+05:00  INFO 10708 --- [http-nio-1080-exec-2] o.a.c.c.C.[Tomcat].[localhost].[/]       : Initializing Spring DispatcherServlet 'dispatcherServlet'
2023-09-06T21:11:28.063+05:00  INFO 10708 --- [http-nio-1080-exec-2] o.s.web.servlet.DispatcherServlet        : Initializing Servlet 'dispatcherServlet'
2023-09-06T21:11:28.063+05:00 DEBUG 10708 --- [http-nio-1080-exec-2] o.s.web.servlet.DispatcherServlet        : Detected StandardServletMultipartResolver
2023-09-06T21:11:28.063+05:00 DEBUG 10708 --- [http-nio-1080-exec-2] o.s.web.servlet.DispatcherServlet        : Detected AcceptHeaderLocaleResolver
2023-09-06T21:11:28.063+05:00 DEBUG 10708 --- [http-nio-1080-exec-2] o.s.web.servlet.DispatcherServlet        : Detected FixedThemeResolver
2023-09-06T21:11:28.065+05:00 DEBUG 10708 --- [http-nio-1080-exec-2] o.s.web.servlet.DispatcherServlet        : Detected org.springframework.web.servlet.view.DefaultRequestToViewNameTranslator@465eb466
2023-09-06T21:11:28.066+05:00 DEBUG 10708 --- [http-nio-1080-exec-2] o.s.web.servlet.DispatcherServlet        : Detected org.springframework.web.servlet.support.SessionFlashMapManager@6fc9c0cc
2023-09-06T21:11:28.066+05:00 DEBUG 10708 --- [http-nio-1080-exec-2] o.s.web.servlet.DispatcherServlet        : enableLoggingRequestDetails='false': request parameters and headers will be masked to prevent unsafe logging of potentially sensitive data
2023-09-06T21:11:28.066+05:00  INFO 10708 --- [http-nio-1080-exec-2] o.s.web.servlet.DispatcherServlet        : Completed initialization in 3 ms
2023-09-06T21:12:13.316+05:00  INFO 10708 --- [SpringApplicationShutdownHook] j.LocalContainerEntityManagerFactoryBean : Closing JPA EntityManagerFactory for persistence unit 'default'
2023-09-06T21:12:13.325+05:00  INFO 10708 --- [SpringApplicationShutdownHook] com.zaxxer.hikari.HikariDataSource       : HikariPool-1 - Shutdown initiated...
2023-09-06T21:12:13.330+05:00  INFO 10708 --- [SpringApplicationShutdownHook] com.zaxxer.hikari.HikariDataSource       : HikariPool-1 - Shutdown completed.
2023-09-06T21:12:18.017+05:00  INFO 15712 --- [main] org.example.Main                         : Starting Main using Java 20.0.2 with PID 15712 (C:\Users\Alishi\Downloads\to-do\bank-api\target\classes started by Alishi in C:\Users\Alishi\Downloads\to-do\bank-api)
2023-09-06T21:12:18.020+05:00  INFO 15712 --- [main] org.example.Main                         : The following 1 profile is active: "dev"
2023-09-06T21:12:20.386+05:00  INFO 15712 --- [main] .s.d.r.c.RepositoryConfigurationDelegate : Bootstrapping Spring Data JPA repositories in DEFAULT mode.
2023-09-06T21:12:20.493+05:00  INFO 15712 --- [main] .s.d.r.c.RepositoryConfigurationDelegate : Finished Spring Data repository scanning in 89 ms. Found 4 JPA repository interfaces.
2023-09-06T21:12:21.931+05:00  INFO 15712 --- [main] o.s.b.w.embedded.tomcat.TomcatWebServer  : Tomcat initialized with port(s): 1080 (http)
2023-09-06T21:12:21.949+05:00  INFO 15712 --- [main] o.apache.catalina.core.StandardService   : Starting service [Tomcat]
2023-09-06T21:12:21.950+05:00  INFO 15712 --- [main] o.apache.catalina.core.StandardEngine    : Starting Servlet engine: [Apache Tomcat/10.1.11]
2023-09-06T21:12:22.182+05:00  INFO 15712 --- [main] o.a.c.c.C.[Tomcat].[localhost].[/]       : Initializing Spring embedded WebApplicationContext
2023-09-06T21:12:22.183+05:00  INFO 15712 --- [main] w.s.c.ServletWebServerApplicationContext : Root WebApplicationContext: initialization completed in 4058 ms
2023-09-06T21:12:22.455+05:00  INFO 15712 --- [main] com.zaxxer.hikari.HikariDataSource       : HikariPool-1 - Starting...
2023-09-06T21:12:22.941+05:00  INFO 15712 --- [main] com.zaxxer.hikari.pool.HikariPool        : HikariPool-1 - Added connection conn0: url=jdbc:h2:mem:bankdb user=SA
2023-09-06T21:12:22.945+05:00  INFO 15712 --- [main] com.zaxxer.hikari.HikariDataSource       : HikariPool-1 - Start completed.
2023-09-06T21:12:22.964+05:00  INFO 15712 --- [main] o.s.b.a.h2.H2ConsoleAutoConfiguration    : H2 console available at '/h2-console'. Database available at 'jdbc:h2:mem:bankdb'
2023-09-06T21:12:23.086+05:00 DEBUG 15712 --- [main] o.s.b.w.s.ServletContextInitializerBeans : Mapping filters: webMvcObservationFilter urls=[/*] order=-2147483647, springSecurityFilterChain urls=[/*] order=-100, characterEncodingFilter urls=[/*] order=-2147483648, formContentFilter urls=[/*] order=-9900, requestContextFilter urls=[/*] order=-105
2023-09-06T21:12:23.087+05:00 DEBUG 15712 --- [main] o.s.b.w.s.ServletContextInitializerBeans : Mapping servlets: dispatcherServlet urls=[/], h2Console urls=[/h2-console/*]
2023-09-06T21:12:23.136+05:00 DEBUG 15712 --- [main] o.s.w.f.ServerHttpObservationFilter      : Filter 'webMvcObservationFilter' configured for use
2023-09-06T21:12:23.424+05:00  INFO 15712 --- [main] liquibase.database                       : Set default schema name to PUBLIC
2023-09-06T21:12:24.349+05:00  INFO 15712 --- [main] liquibase.executor                       : Changelog query completed.
2023-09-06T21:12:24.355+05:00  INFO 15712 --- [main] liquibase.executor                       : Changelog query completed.
2023-09-06T21:12:24.364+05:00  INFO 15712 --- [main] liquibase.executor                       : Changelog query completed.
2023-09-06T21:12:24.369+05:00  INFO 15712 --- [main] liquibase.executor                       : Changelog query completed.
2023-09-06T21:12:24.378+05:00  INFO 15712 --- [main] liquibase.executor                       : Changelog query completed.
2023-09-06T21:12:24.379+05:00  INFO 15712 --- [main] liquibase.lockservice                    : Successfully acquired change log lock
2023-09-06T21:12:24.406+05:00  INFO 15712 --- [main] liquibase.changelog                      : Creating database history table with name: PUBLIC.DATABASECHANGELOG
2023-09-06T21:12:24.413+05:00  INFO 15712 --- [main] liquibase.executor                       : Changelog query completed.
2023-09-06T21:12:24.415+05:00  INFO 15712 --- [main] liquibase.changelog                      : Reading from PUBLIC.DATABASECHANGELOG
2023-09-06T21:12:24.419+05:00  INFO 15712 --- [main] liquibase.executor                       : Changelog query completed.
2023-09-06T21:12:24.421+05:00  INFO 15712 --- [main] liquibase.executor                       : Changelog query completed.
2023-09-06T21:12:24.595+05:00  INFO 15712 --- [main] liquibase.changelog                      : Table Account created
2023-09-06T21:12:24.599+05:00  INFO 15712 --- [main] liquibase.changelog                      : Primary key added to Account (account_id)
2023-09-06T21:12:24.608+05:00  INFO 15712 --- [main] liquibase.changelog                      : Index accounts_ix_01 created
2023-09-06T21:12:24.611+05:00  INFO 15712 --- [main] liquibase.changelog                      : ChangeSet db/changelog/db.changelog-schema-Account.yaml::schema-Account::bank team ran successfully in 48ms
2023-09-06T21:12:24.624+05:00  INFO 15712 --- [main] liquibase.executor                       : Changelog query completed.
2023-09-06T21:12:24.632+05:00  INFO 15712 --- [main] liquibase.executor                       : Changelog query completed.
2023-09-06T21:12:24.647+05:00  INFO 15712 --- [main] liquibase.changelog                      : New row inserted into Account
2023-09-06T21:12:24.656+05:00  INFO 15712 --- [main] liquibase.changelog                      : New row inserted into Account
2023-09-06T21:12:24.658+05:00  INFO 15712 --- [main] liquibase.changelog                      : ChangeSet db/changelog/db.changelog-data-Account.yaml::data-Account::bank team ran successfully in 19ms
2023-09-06T21:12:24.664+05:00  INFO 15712 --- [main] liquibase.executor                       : Changelog query completed.
2023-09-06T21:12:24.672+05:00  INFO 15712 --- [main] liquibase.changelog                      : Table Users created
2023-09-06T21:12:24.674+05:00  INFO 15712 --- [main] liquibase.changelog                      : Primary key added to Users (user_id)
2023-09-06T21:12:24.678+05:00  INFO 15712 --- [main] liquibase.changelog                      : Unique constraint added to Users(user_name)
2023-09-06T21:12:24.689+05:00  INFO 15712 --- [main] liquibase.changelog                      : Foreign key constraint added to Users (account_id)
2023-09-06T21:12:24.693+05:00  INFO 15712 --- [main] liquibase.changelog                      : Index users_ix_01 created
2023-09-06T21:12:24.694+05:00  INFO 15712 --- [main] liquibase.changelog                      : ChangeSet db/changelog/db.changelog-schema-Users.yaml::schema-Users::bank team ran successfully in 28ms
2023-09-06T21:12:24.703+05:00  INFO 15712 --- [main] liquibase.executor                       : Changelog query completed.
2023-09-06T21:12:24.716+05:00  INFO 15712 --- [main] liquibase.changelog                      : New row inserted into Users
2023-09-06T21:12:24.719+05:00  INFO 15712 --- [main] liquibase.changelog                      : New row inserted into Users
2023-09-06T21:12:24.724+05:00  INFO 15712 --- [main] liquibase.changelog                      : New row inserted into Users
2023-09-06T21:12:24.729+05:00  INFO 15712 --- [main] liquibase.changelog                      : ChangeSet db/changelog/db.changelog-data-Users.yaml::data-Users::bank team ran successfully in 19ms
2023-09-06T21:12:24.735+05:00  INFO 15712 --- [main] liquibase.executor                       : Changelog query completed.
2023-09-06T21:12:24.740+05:00  INFO 15712 --- [main] liquibase.changelog                      : Table Balance created
2023-09-06T21:12:24.742+05:00  INFO 15712 --- [main] liquibase.changelog                      : Primary key added to Balance (balance_id)
2023-09-06T21:12:24.746+05:00  INFO 15712 --- [main] liquibase.changelog                      : Foreign key constraint added to Balance (account_id)
2023-09-06T21:12:24.748+05:00  INFO 15712 --- [main] liquibase.changelog                      : Index balance_ix_01 created
2023-09-06T21:12:24.749+05:00  INFO 15712 --- [main] liquibase.changelog                      : ChangeSet db/changelog/db.changelog-schema-Balance.yaml::schema-Balance::bank team ran successfully in 13ms
2023-09-06T21:12:24.752+05:00  INFO 15712 --- [main] liquibase.executor                       : Changelog query completed.
2023-09-06T21:12:24.756+05:00  INFO 15712 --- [main] liquibase.changelog                      : New row inserted into Balance
2023-09-06T21:12:24.759+05:00  INFO 15712 --- [main] liquibase.changelog                      : New row inserted into Balance
2023-09-06T21:12:24.760+05:00  INFO 15712 --- [main] liquibase.changelog                      : ChangeSet db/changelog/db.changelog-data-Balance.yaml::data-Balance::bank team ran successfully in 6ms
2023-09-06T21:12:24.765+05:00  INFO 15712 --- [main] liquibase.executor                       : Changelog query completed.
2023-09-06T21:12:24.794+05:00  INFO 15712 --- [main] liquibase.changelog                      : Table Transaction created
2023-09-06T21:12:24.807+05:00  INFO 15712 --- [main] liquibase.changelog                      : Primary key added to Transaction (transaction_id)
2023-09-06T21:12:24.813+05:00  INFO 15712 --- [main] liquibase.changelog                      : Foreign key constraint added to Transaction (account_id)
2023-09-06T21:12:24.825+05:00  INFO 15712 --- [main] liquibase.changelog                      : Foreign key constraint added to Transaction (balance_id)
2023-09-06T21:12:24.832+05:00  INFO 15712 --- [main] liquibase.changelog                      : Index transactions_ix_01 created
2023-09-06T21:12:24.841+05:00  INFO 15712 --- [main] liquibase.changelog                      : Index transactions_ix_02 created
2023-09-06T21:12:24.850+05:00  INFO 15712 --- [main] liquibase.changelog                      : ChangeSet db/changelog/db.changelog-schema-Transaction.yaml::schema-Transaction::bank team ran successfully in 68ms
2023-09-06T21:12:24.855+05:00  INFO 15712 --- [main] liquibase.executor                       : Changelog query completed.
2023-09-06T21:12:24.873+05:00  INFO 15712 --- [main] liquibase.changelog                      : New row inserted into Transaction
2023-09-06T21:12:24.883+05:00  INFO 15712 --- [main] liquibase.changelog                      : New row inserted into Transaction
2023-09-06T21:12:24.886+05:00  INFO 15712 --- [main] liquibase.changelog                      : ChangeSet db/changelog/db.changelog-data-Transaction.yaml::data-Transaction::bank team ran successfully in 18ms
2023-09-06T21:12:24.888+05:00  INFO 15712 --- [main] liquibase.executor                       : Changelog query completed.
2023-09-06T21:12:24.890+05:00  INFO 15712 --- [main] liquibase                                : Update command completed successfully.
2023-09-06T21:12:24.893+05:00  INFO 15712 --- [main] liquibase.executor                       : Changelog query completed.
2023-09-06T21:12:24.894+05:00  INFO 15712 --- [main] liquibase.lockservice                    : Successfully released change log lock
2023-09-06T21:12:25.111+05:00  INFO 15712 --- [main] o.hibernate.jpa.internal.util.LogHelper  : HHH000204: Processing PersistenceUnitInfo [name: default]
2023-09-06T21:12:25.207+05:00  INFO 15712 --- [main] org.hibernate.Version                    : HHH000412: Hibernate ORM core version 6.2.6.Final
2023-09-06T21:12:25.211+05:00  INFO 15712 --- [main] org.hibernate.cfg.Environment            : HHH000406: Using bytecode reflection optimizer
2023-09-06T21:12:25.501+05:00  INFO 15712 --- [main] o.h.b.i.BytecodeProviderInitiator        : HHH000021: Bytecode provider name : bytebuddy
2023-09-06T21:12:25.762+05:00  INFO 15712 --- [main] o.s.o.j.p.SpringPersistenceUnitInfo      : No LoadTimeWeaver setup: ignoring JPA class transformer
2023-09-06T21:12:26.140+05:00  INFO 15712 --- [main] o.h.b.i.BytecodeProviderInitiator        : HHH000021: Bytecode provider name : bytebuddy
2023-09-06T21:12:27.317+05:00  INFO 15712 --- [main] o.h.e.t.j.p.i.JtaPlatformInitiator       : HHH000490: Using JtaPlatform implementation: [org.hibernate.engine.transaction.jta.platform.internal.NoJtaPlatform]
2023-09-06T21:12:27.322+05:00  INFO 15712 --- [main] j.LocalContainerEntityManagerFactoryBean : Initialized JPA EntityManagerFactory for persistence unit 'default'
2023-09-06T21:12:27.819+05:00  INFO 15712 --- [main] o.s.d.j.r.query.QueryEnhancerFactory     : Hibernate is in classpath; If applicable, HQL parser will be used.
2023-09-06T21:12:28.390+05:00  WARN 15712 --- [main] .s.s.UserDetailsServiceAutoConfiguration : 

Using generated security password: e9cba13c-f005-4c32-991a-ea5824ed0367

This generated password is for development use only. Your security configuration must be updated before running your application in production.

2023-09-06T21:12:28.597+05:00  INFO 15712 --- [main] o.s.s.web.DefaultSecurityFilterChain     : Will secure any request with [org.springframework.security.web.session.DisableEncodeUrlFilter@755c29b0, org.springframework.security.web.context.request.async.WebAsyncManagerIntegrationFilter@3dc70aa0, org.springframework.security.web.context.SecurityContextHolderFilter@2acbbee4, org.springframework.security.web.header.HeaderWriterFilter@5988e36e, org.springframework.security.web.authentication.logout.LogoutFilter@1766b009, org.springframework.security.web.authentication.UsernamePasswordAuthenticationFilter@7be95197, org.springframework.security.web.authentication.ui.DefaultLoginPageGeneratingFilter@253a8bdb, org.springframework.security.web.authentication.ui.DefaultLogoutPageGeneratingFilter@39153b05, org.springframework.security.web.savedrequest.RequestCacheAwareFilter@500d4de8, org.springframework.security.web.servletapi.SecurityContextHolderAwareRequestFilter@43851574, org.springframework.security.web.authentication.AnonymousAuthenticationFilter@26fee641, org.springframework.security.web.access.ExceptionTranslationFilter@2afe263, org.springframework.security.web.access.intercept.AuthorizationFilter@42e14655]
2023-09-06T21:12:28.870+05:00 DEBUG 15712 --- [main] s.w.s.m.m.a.RequestMappingHandlerAdapter : ControllerAdvice beans: 0 @ModelAttribute, 0 @InitBinder, 1 RequestBodyAdvice, 1 ResponseBodyAdvice
2023-09-06T21:12:29.028+05:00 DEBUG 15712 --- [main] s.w.s.m.m.a.RequestMappingHandlerMapping : 11 mappings in 'requestMappingHandlerMapping'
2023-09-06T21:12:29.087+05:00 DEBUG 15712 --- [main] o.s.w.s.handler.SimpleUrlHandlerMapping  : Patterns [/webjars/**, /**, /swagger-ui*/*swagger-initializer.js, /swagger-ui*/**] in 'resourceHandlerMapping'
2023-09-06T21:12:29.118+05:00 DEBUG 15712 --- [main] .m.m.a.ExceptionHandlerExceptionResolver : ControllerAdvice beans: 1 @ExceptionHandler, 1 ResponseBodyAdvice
2023-09-06T21:12:29.834+05:00  INFO 15712 --- [main] o.s.b.a.e.web.EndpointLinksResolver      : Exposing 15 endpoint(s) beneath base path '/actuator'
2023-09-06T21:12:30.061+05:00  INFO 15712 --- [main] o.s.b.w.embedded.tomcat.TomcatWebServer  : Tomcat started on port(s): 1080 (http) with context path ''
2023-09-06T21:12:30.093+05:00  INFO 15712 --- [main] org.example.Main                         : Started Main in 13.089 seconds (process running for 13.882)
2023-09-06T21:19:22.809+05:00  INFO 15712 --- [SpringApplicationShutdownHook] j.LocalContainerEntityManagerFactoryBean : Closing JPA EntityManagerFactory for persistence unit 'default'
2023-09-06T21:19:23.029+05:00  INFO 15712 --- [SpringApplicationShutdownHook] com.zaxxer.hikari.HikariDataSource       : HikariPool-1 - Shutdown initiated...
2023-09-06T21:19:23.048+05:00  INFO 15712 --- [SpringApplicationShutdownHook] com.zaxxer.hikari.HikariDataSource       : HikariPool-1 - Shutdown completed.
2023-09-06T21:22:20.297+05:00  INFO 13604 --- [main] org.example.Main                         : Starting Main using Java 20.0.2 with PID 13604 (C:\Users\Alishi\Downloads\to-do\bank-api\target\classes started by Alishi in C:\Users\Alishi\Downloads\to-do\bank-api)
2023-09-06T21:22:20.301+05:00  INFO 13604 --- [main] org.example.Main                         : The following 1 profile is active: "dev"
2023-09-06T21:22:22.926+05:00  INFO 13604 --- [main] .s.d.r.c.RepositoryConfigurationDelegate : Bootstrapping Spring Data JPA repositories in DEFAULT mode.
2023-09-06T21:22:23.061+05:00  INFO 13604 --- [main] .s.d.r.c.RepositoryConfigurationDelegate : Finished Spring Data repository scanning in 117 ms. Found 4 JPA repository interfaces.
2023-09-06T21:22:24.397+05:00  INFO 13604 --- [main] o.s.b.w.embedded.tomcat.TomcatWebServer  : Tomcat initialized with port(s): 1080 (http)
2023-09-06T21:22:24.413+05:00  INFO 13604 --- [main] o.apache.catalina.core.StandardService   : Starting service [Tomcat]
2023-09-06T21:22:24.414+05:00  INFO 13604 --- [main] o.apache.catalina.core.StandardEngine    : Starting Servlet engine: [Apache Tomcat/10.1.11]
2023-09-06T21:22:24.615+05:00  INFO 13604 --- [main] o.a.c.c.C.[Tomcat].[localhost].[/]       : Initializing Spring embedded WebApplicationContext
2023-09-06T21:22:24.618+05:00  INFO 13604 --- [main] w.s.c.ServletWebServerApplicationContext : Root WebApplicationContext: initialization completed in 4211 ms
2023-09-06T21:22:24.854+05:00  INFO 13604 --- [main] com.zaxxer.hikari.HikariDataSource       : HikariPool-1 - Starting...
2023-09-06T21:22:25.233+05:00  INFO 13604 --- [main] com.zaxxer.hikari.pool.HikariPool        : HikariPool-1 - Added connection conn0: url=jdbc:h2:mem:bankdb user=SA
2023-09-06T21:22:25.238+05:00  INFO 13604 --- [main] com.zaxxer.hikari.HikariDataSource       : HikariPool-1 - Start completed.
2023-09-06T21:22:25.257+05:00  INFO 13604 --- [main] o.s.b.a.h2.H2ConsoleAutoConfiguration    : H2 console available at '/h2-console'. Database available at 'jdbc:h2:mem:bankdb'
2023-09-06T21:22:25.387+05:00 DEBUG 13604 --- [main] o.s.b.w.s.ServletContextInitializerBeans : Mapping filters: webMvcObservationFilter urls=[/*] order=-2147483647, springSecurityFilterChain urls=[/*] order=-100, characterEncodingFilter urls=[/*] order=-2147483648, formContentFilter urls=[/*] order=-9900, requestContextFilter urls=[/*] order=-105
2023-09-06T21:22:25.388+05:00 DEBUG 13604 --- [main] o.s.b.w.s.ServletContextInitializerBeans : Mapping servlets: dispatcherServlet urls=[/], h2Console urls=[/h2-console/*]
2023-09-06T21:22:25.434+05:00 DEBUG 13604 --- [main] o.s.w.f.ServerHttpObservationFilter      : Filter 'webMvcObservationFilter' configured for use
2023-09-06T21:22:25.683+05:00  INFO 13604 --- [main] liquibase.database                       : Set default schema name to PUBLIC
2023-09-06T21:22:26.550+05:00  INFO 13604 --- [main] liquibase.executor                       : Changelog query completed.
2023-09-06T21:22:26.555+05:00  INFO 13604 --- [main] liquibase.executor                       : Changelog query completed.
2023-09-06T21:22:26.563+05:00  INFO 13604 --- [main] liquibase.executor                       : Changelog query completed.
2023-09-06T21:22:26.567+05:00  INFO 13604 --- [main] liquibase.executor                       : Changelog query completed.
2023-09-06T21:22:26.575+05:00  INFO 13604 --- [main] liquibase.executor                       : Changelog query completed.
2023-09-06T21:22:26.576+05:00  INFO 13604 --- [main] liquibase.lockservice                    : Successfully acquired change log lock
2023-09-06T21:22:26.600+05:00  INFO 13604 --- [main] liquibase.changelog                      : Creating database history table with name: PUBLIC.DATABASECHANGELOG
2023-09-06T21:22:26.608+05:00  INFO 13604 --- [main] liquibase.executor                       : Changelog query completed.
2023-09-06T21:22:26.610+05:00  INFO 13604 --- [main] liquibase.changelog                      : Reading from PUBLIC.DATABASECHANGELOG
2023-09-06T21:22:26.615+05:00  INFO 13604 --- [main] liquibase.executor                       : Changelog query completed.
2023-09-06T21:22:26.617+05:00  INFO 13604 --- [main] liquibase.executor                       : Changelog query completed.
2023-09-06T21:22:26.862+05:00  INFO 13604 --- [main] liquibase.changelog                      : Table Account created
2023-09-06T21:22:26.867+05:00  INFO 13604 --- [main] liquibase.changelog                      : Primary key added to Account (account_id)
2023-09-06T21:22:26.871+05:00  INFO 13604 --- [main] liquibase.changelog                      : Index accounts_ix_01 created
2023-09-06T21:22:26.872+05:00  INFO 13604 --- [main] liquibase.changelog                      : ChangeSet db/changelog/db.changelog-schema-Account.yaml::schema-Account::bank team ran successfully in 55ms
2023-09-06T21:22:26.883+05:00  INFO 13604 --- [main] liquibase.executor                       : Changelog query completed.
2023-09-06T21:22:26.891+05:00  INFO 13604 --- [main] liquibase.executor                       : Changelog query completed.
2023-09-06T21:22:26.898+05:00  INFO 13604 --- [main] liquibase.changelog                      : New row inserted into Account
2023-09-06T21:22:26.901+05:00  INFO 13604 --- [main] liquibase.changelog                      : New row inserted into Account
2023-09-06T21:22:26.902+05:00  INFO 13604 --- [main] liquibase.changelog                      : ChangeSet db/changelog/db.changelog-data-Account.yaml::data-Account::bank team ran successfully in 6ms
2023-09-06T21:22:26.905+05:00  INFO 13604 --- [main] liquibase.executor                       : Changelog query completed.
2023-09-06T21:22:26.912+05:00  INFO 13604 --- [main] liquibase.changelog                      : Table Users created
2023-09-06T21:22:26.914+05:00  INFO 13604 --- [main] liquibase.changelog                      : Primary key added to Users (user_id)
2023-09-06T21:22:26.918+05:00  INFO 13604 --- [main] liquibase.changelog                      : Unique constraint added to Users(user_name)
2023-09-06T21:22:26.930+05:00  INFO 13604 --- [main] liquibase.changelog                      : Foreign key constraint added to Users (account_id)
2023-09-06T21:22:26.933+05:00  INFO 13604 --- [main] liquibase.changelog                      : Index users_ix_01 created
2023-09-06T21:22:26.934+05:00  INFO 13604 --- [main] liquibase.changelog                      : ChangeSet db/changelog/db.changelog-schema-Users.yaml::schema-Users::bank team ran successfully in 26ms
2023-09-06T21:22:26.937+05:00  INFO 13604 --- [main] liquibase.executor                       : Changelog query completed.
2023-09-06T21:22:26.944+05:00  INFO 13604 --- [main] liquibase.changelog                      : New row inserted into Users
2023-09-06T21:22:26.947+05:00  INFO 13604 --- [main] liquibase.changelog                      : New row inserted into Users
2023-09-06T21:22:26.960+05:00  INFO 13604 --- [main] liquibase.changelog                      : New row inserted into Users
2023-09-06T21:22:26.961+05:00  INFO 13604 --- [main] liquibase.changelog                      : ChangeSet db/changelog/db.changelog-data-Users.yaml::data-Users::bank team ran successfully in 22ms
2023-09-06T21:22:26.964+05:00  INFO 13604 --- [main] liquibase.executor                       : Changelog query completed.
2023-09-06T21:22:26.971+05:00  INFO 13604 --- [main] liquibase.changelog                      : Table Balance created
2023-09-06T21:22:26.973+05:00  INFO 13604 --- [main] liquibase.changelog                      : Primary key added to Balance (balance_id)
2023-09-06T21:22:26.977+05:00  INFO 13604 --- [main] liquibase.changelog                      : Foreign key constraint added to Balance (account_id)
2023-09-06T21:22:26.980+05:00  INFO 13604 --- [main] liquibase.changelog                      : Index balance_ix_01 created
2023-09-06T21:22:26.981+05:00  INFO 13604 --- [main] liquibase.changelog                      : ChangeSet db/changelog/db.changelog-schema-Balance.yaml::schema-Balance::bank team ran successfully in 14ms
2023-09-06T21:22:26.983+05:00  INFO 13604 --- [main] liquibase.executor                       : Changelog query completed.
2023-09-06T21:22:26.988+05:00  INFO 13604 --- [main] liquibase.changelog                      : New row inserted into Balance
2023-09-06T21:22:26.992+05:00  INFO 13604 --- [main] liquibase.changelog                      : New row inserted into Balance
2023-09-06T21:22:26.993+05:00  INFO 13604 --- [main] liquibase.changelog                      : ChangeSet db/changelog/db.changelog-data-Balance.yaml::data-Balance::bank team ran successfully in 8ms
2023-09-06T21:22:26.996+05:00  INFO 13604 --- [main] liquibase.executor                       : Changelog query completed.
2023-09-06T21:22:27.002+05:00  INFO 13604 --- [main] liquibase.changelog                      : Table Transaction created
2023-09-06T21:22:27.004+05:00  INFO 13604 --- [main] liquibase.changelog                      : Primary key added to Transaction (transaction_id)
2023-09-06T21:22:27.007+05:00  INFO 13604 --- [main] liquibase.changelog                      : Foreign key constraint added to Transaction (account_id)
2023-09-06T21:22:27.010+05:00  INFO 13604 --- [main] liquibase.changelog                      : Foreign key constraint added to Transaction (balance_id)
2023-09-06T21:22:27.013+05:00  INFO 13604 --- [main] liquibase.changelog                      : Index transactions_ix_01 created
2023-09-06T21:22:27.027+05:00  INFO 13604 --- [main] liquibase.changelog                      : Index transactions_ix_02 created
2023-09-06T21:22:27.030+05:00  INFO 13604 --- [main] liquibase.changelog                      : ChangeSet db/changelog/db.changelog-schema-Transaction.yaml::schema-Transaction::bank team ran successfully in 32ms
2023-09-06T21:22:27.050+05:00  INFO 13604 --- [main] liquibase.executor                       : Changelog query completed.
2023-09-06T21:22:27.065+05:00  INFO 13604 --- [main] liquibase.changelog                      : New row inserted into Transaction
2023-09-06T21:22:27.069+05:00  INFO 13604 --- [main] liquibase.changelog                      : New row inserted into Transaction
2023-09-06T21:22:27.070+05:00  INFO 13604 --- [main] liquibase.changelog                      : ChangeSet db/changelog/db.changelog-data-Transaction.yaml::data-Transaction::bank team ran successfully in 7ms
2023-09-06T21:22:27.072+05:00  INFO 13604 --- [main] liquibase.executor                       : Changelog query completed.
2023-09-06T21:22:27.076+05:00  INFO 13604 --- [main] liquibase                                : Update command completed successfully.
2023-09-06T21:22:27.080+05:00  INFO 13604 --- [main] liquibase.executor                       : Changelog query completed.
2023-09-06T21:22:27.080+05:00  INFO 13604 --- [main] liquibase.lockservice                    : Successfully released change log lock
2023-09-06T21:22:27.289+05:00  INFO 13604 --- [main] o.hibernate.jpa.internal.util.LogHelper  : HHH000204: Processing PersistenceUnitInfo [name: default]
2023-09-06T21:22:27.408+05:00  INFO 13604 --- [main] org.hibernate.Version                    : HHH000412: Hibernate ORM core version 6.2.6.Final
2023-09-06T21:22:27.413+05:00  INFO 13604 --- [main] org.hibernate.cfg.Environment            : HHH000406: Using bytecode reflection optimizer
2023-09-06T21:22:27.673+05:00  INFO 13604 --- [main] o.h.b.i.BytecodeProviderInitiator        : HHH000021: Bytecode provider name : bytebuddy
2023-09-06T21:22:27.940+05:00  INFO 13604 --- [main] o.s.o.j.p.SpringPersistenceUnitInfo      : No LoadTimeWeaver setup: ignoring JPA class transformer
2023-09-06T21:22:28.333+05:00  INFO 13604 --- [main] o.h.b.i.BytecodeProviderInitiator        : HHH000021: Bytecode provider name : bytebuddy
2023-09-06T21:22:29.467+05:00  INFO 13604 --- [main] o.h.e.t.j.p.i.JtaPlatformInitiator       : HHH000490: Using JtaPlatform implementation: [org.hibernate.engine.transaction.jta.platform.internal.NoJtaPlatform]
2023-09-06T21:22:29.473+05:00  INFO 13604 --- [main] j.LocalContainerEntityManagerFactoryBean : Initialized JPA EntityManagerFactory for persistence unit 'default'
2023-09-06T21:22:29.928+05:00  INFO 13604 --- [main] o.s.d.j.r.query.QueryEnhancerFactory     : Hibernate is in classpath; If applicable, HQL parser will be used.
2023-09-06T21:22:30.480+05:00  WARN 13604 --- [main] .s.s.UserDetailsServiceAutoConfiguration : 

Using generated security password: 08fee7ef-9e5f-4893-bf9a-67d010dec816

This generated password is for development use only. Your security configuration must be updated before running your application in production.

2023-09-06T21:22:30.640+05:00  INFO 13604 --- [main] o.s.s.web.DefaultSecurityFilterChain     : Will secure any request with [org.springframework.security.web.session.DisableEncodeUrlFilter@4b1ef6a, org.springframework.security.web.context.request.async.WebAsyncManagerIntegrationFilter@57596d71, org.springframework.security.web.context.SecurityContextHolderFilter@6d13cd6d, org.springframework.security.web.header.HeaderWriterFilter@18a9e8db, org.springframework.security.web.authentication.logout.LogoutFilter@14f8fdae, org.springframework.security.web.authentication.UsernamePasswordAuthenticationFilter@4414ee28, org.springframework.security.web.authentication.ui.DefaultLoginPageGeneratingFilter@4194a77f, org.springframework.security.web.authentication.ui.DefaultLogoutPageGeneratingFilter@1c12f0f4, org.springframework.security.web.savedrequest.RequestCacheAwareFilter@72d2470, org.springframework.security.web.servletapi.SecurityContextHolderAwareRequestFilter@1314ccc1, org.springframework.security.web.authentication.AnonymousAuthenticationFilter@149bdb4e, org.springframework.security.web.access.ExceptionTranslationFilter@768d8a25, org.springframework.security.web.access.intercept.AuthorizationFilter@63f609a4]
2023-09-06T21:22:30.943+05:00 DEBUG 13604 --- [main] s.w.s.m.m.a.RequestMappingHandlerAdapter : ControllerAdvice beans: 0 @ModelAttribute, 0 @InitBinder, 1 RequestBodyAdvice, 1 ResponseBodyAdvice
2023-09-06T21:22:31.100+05:00 DEBUG 13604 --- [main] s.w.s.m.m.a.RequestMappingHandlerMapping : 11 mappings in 'requestMappingHandlerMapping'
2023-09-06T21:22:31.257+05:00 DEBUG 13604 --- [main] o.s.w.s.handler.SimpleUrlHandlerMapping  : Patterns [/webjars/**, /**, /swagger-ui*/*swagger-initializer.js, /swagger-ui*/**] in 'resourceHandlerMapping'
2023-09-06T21:22:31.284+05:00 DEBUG 13604 --- [main] .m.m.a.ExceptionHandlerExceptionResolver : ControllerAdvice beans: 1 @ExceptionHandler, 1 ResponseBodyAdvice
2023-09-06T21:22:31.953+05:00  INFO 13604 --- [main] o.s.b.a.e.web.EndpointLinksResolver      : Exposing 15 endpoint(s) beneath base path '/actuator'
2023-09-06T21:22:32.063+05:00  WARN 13604 --- [main] ConfigServletWebServerApplicationContext : Exception encountered during context initialization - cancelling refresh attempt: org.springframework.context.ApplicationContextException: Failed to start bean 'webServerStartStop'
2023-09-06T21:22:32.066+05:00  INFO 13604 --- [main] j.LocalContainerEntityManagerFactoryBean : Closing JPA EntityManagerFactory for persistence unit 'default'
2023-09-06T21:22:32.070+05:00  INFO 13604 --- [main] com.zaxxer.hikari.HikariDataSource       : HikariPool-1 - Shutdown initiated...
2023-09-06T21:22:32.073+05:00  INFO 13604 --- [main] com.zaxxer.hikari.HikariDataSource       : HikariPool-1 - Shutdown completed.
2023-09-06T21:22:32.076+05:00  INFO 13604 --- [main] o.apache.catalina.core.StandardService   : Stopping service [Tomcat]
2023-09-06T21:22:32.110+05:00  INFO 13604 --- [main] .s.b.a.l.ConditionEvaluationReportLogger : 

Error starting ApplicationContext. To display the condition evaluation report re-run your application with 'debug' enabled.
2023-09-06T21:22:32.244+05:00 ERROR 13604 --- [main] o.s.b.d.LoggingFailureAnalysisReporter   : 

***************************
APPLICATION FAILED TO START
***************************

Description:

Web server failed to start. Port 1080 was already in use.

Action:

Identify and stop the process that's listening on port 1080 or configure this application to listen on another port.

2023-09-06T21:23:12.453+05:00  INFO 6808 --- [main] org.example.Main                         : Starting Main using Java 20.0.2 with PID 6808 (C:\Users\Alishi\Downloads\to-do\bank-api\target\classes started by Alishi in C:\Users\Alishi\Downloads\to-do\bank-api)
2023-09-06T21:23:12.457+05:00  INFO 6808 --- [main] org.example.Main                         : The following 1 profile is active: "dev"
2023-09-06T21:23:14.805+05:00  INFO 6808 --- [main] .s.d.r.c.RepositoryConfigurationDelegate : Bootstrapping Spring Data JPA repositories in DEFAULT mode.
2023-09-06T21:23:14.947+05:00  INFO 6808 --- [main] .s.d.r.c.RepositoryConfigurationDelegate : Finished Spring Data repository scanning in 115 ms. Found 4 JPA repository interfaces.
2023-09-06T21:23:16.442+05:00  INFO 6808 --- [main] o.s.b.w.embedded.tomcat.TomcatWebServer  : Tomcat initialized with port(s): 1080 (http)
2023-09-06T21:23:16.463+05:00  INFO 6808 --- [main] o.apache.catalina.core.StandardService   : Starting service [Tomcat]
2023-09-06T21:23:16.463+05:00  INFO 6808 --- [main] o.apache.catalina.core.StandardEngine    : Starting Servlet engine: [Apache Tomcat/10.1.11]
2023-09-06T21:23:16.642+05:00  INFO 6808 --- [main] o.a.c.c.C.[Tomcat].[localhost].[/]       : Initializing Spring embedded WebApplicationContext
2023-09-06T21:23:16.643+05:00  INFO 6808 --- [main] w.s.c.ServletWebServerApplicationContext : Root WebApplicationContext: initialization completed in 4058 ms
2023-09-06T21:23:16.918+05:00  INFO 6808 --- [main] com.zaxxer.hikari.HikariDataSource       : HikariPool-1 - Starting...
2023-09-06T21:23:17.377+05:00  INFO 6808 --- [main] com.zaxxer.hikari.pool.HikariPool        : HikariPool-1 - Added connection conn0: url=jdbc:h2:mem:bankdb user=SA
2023-09-06T21:23:17.381+05:00  INFO 6808 --- [main] com.zaxxer.hikari.HikariDataSource       : HikariPool-1 - Start completed.
2023-09-06T21:23:17.405+05:00  INFO 6808 --- [main] o.s.b.a.h2.H2ConsoleAutoConfiguration    : H2 console available at '/h2-console'. Database available at 'jdbc:h2:mem:bankdb'
2023-09-06T21:23:17.533+05:00 DEBUG 6808 --- [main] o.s.b.w.s.ServletContextInitializerBeans : Mapping filters: webMvcObservationFilter urls=[/*] order=-2147483647, springSecurityFilterChain urls=[/*] order=-100, characterEncodingFilter urls=[/*] order=-2147483648, formContentFilter urls=[/*] order=-9900, requestContextFilter urls=[/*] order=-105
2023-09-06T21:23:17.533+05:00 DEBUG 6808 --- [main] o.s.b.w.s.ServletContextInitializerBeans : Mapping servlets: dispatcherServlet urls=[/], h2Console urls=[/h2-console/*]
2023-09-06T21:23:17.593+05:00 DEBUG 6808 --- [main] o.s.w.f.ServerHttpObservationFilter      : Filter 'webMvcObservationFilter' configured for use
2023-09-06T21:23:17.867+05:00  INFO 6808 --- [main] liquibase.database                       : Set default schema name to PUBLIC
2023-09-06T21:23:18.773+05:00  INFO 6808 --- [main] liquibase.executor                       : Changelog query completed.
2023-09-06T21:23:18.781+05:00  INFO 6808 --- [main] liquibase.executor                       : Changelog query completed.
2023-09-06T21:23:18.791+05:00  INFO 6808 --- [main] liquibase.executor                       : Changelog query completed.
2023-09-06T21:23:18.797+05:00  INFO 6808 --- [main] liquibase.executor                       : Changelog query completed.
2023-09-06T21:23:18.807+05:00  INFO 6808 --- [main] liquibase.executor                       : Changelog query completed.
2023-09-06T21:23:18.808+05:00  INFO 6808 --- [main] liquibase.lockservice                    : Successfully acquired change log lock
2023-09-06T21:23:18.848+05:00  INFO 6808 --- [main] liquibase.changelog                      : Creating database history table with name: PUBLIC.DATABASECHANGELOG
2023-09-06T21:23:18.857+05:00  INFO 6808 --- [main] liquibase.executor                       : Changelog query completed.
2023-09-06T21:23:18.859+05:00  INFO 6808 --- [main] liquibase.changelog                      : Reading from PUBLIC.DATABASECHANGELOG
2023-09-06T21:23:18.864+05:00  INFO 6808 --- [main] liquibase.executor                       : Changelog query completed.
2023-09-06T21:23:18.866+05:00  INFO 6808 --- [main] liquibase.executor                       : Changelog query completed.
2023-09-06T21:23:19.101+05:00  INFO 6808 --- [main] liquibase.changelog                      : Table Account created
2023-09-06T21:23:19.107+05:00  INFO 6808 --- [main] liquibase.changelog                      : Primary key added to Account (account_id)
2023-09-06T21:23:19.111+05:00  INFO 6808 --- [main] liquibase.changelog                      : Index accounts_ix_01 created
2023-09-06T21:23:19.112+05:00  INFO 6808 --- [main] liquibase.changelog                      : ChangeSet db/changelog/db.changelog-schema-Account.yaml::schema-Account::bank team ran successfully in 23ms
2023-09-06T21:23:19.118+05:00  INFO 6808 --- [main] liquibase.executor                       : Changelog query completed.
2023-09-06T21:23:19.123+05:00  INFO 6808 --- [main] liquibase.executor                       : Changelog query completed.
2023-09-06T21:23:19.128+05:00  INFO 6808 --- [main] liquibase.changelog                      : New row inserted into Account
2023-09-06T21:23:19.131+05:00  INFO 6808 --- [main] liquibase.changelog                      : New row inserted into Account
2023-09-06T21:23:19.132+05:00  INFO 6808 --- [main] liquibase.changelog                      : ChangeSet db/changelog/db.changelog-data-Account.yaml::data-Account::bank team ran successfully in 7ms
2023-09-06T21:23:19.135+05:00  INFO 6808 --- [main] liquibase.executor                       : Changelog query completed.
2023-09-06T21:23:19.142+05:00  INFO 6808 --- [main] liquibase.changelog                      : Table Users created
2023-09-06T21:23:19.144+05:00  INFO 6808 --- [main] liquibase.changelog                      : Primary key added to Users (user_id)
2023-09-06T21:23:19.149+05:00  INFO 6808 --- [main] liquibase.changelog                      : Unique constraint added to Users(user_name)
2023-09-06T21:23:19.161+05:00  INFO 6808 --- [main] liquibase.changelog                      : Foreign key constraint added to Users (account_id)
2023-09-06T21:23:19.162+05:00  INFO 6808 --- [main] liquibase.changelog                      : Index users_ix_01 created
2023-09-06T21:23:19.163+05:00  INFO 6808 --- [main] liquibase.changelog                      : ChangeSet db/changelog/db.changelog-schema-Users.yaml::schema-Users::bank team ran successfully in 26ms
2023-09-06T21:23:19.166+05:00  INFO 6808 --- [main] liquibase.executor                       : Changelog query completed.
2023-09-06T21:23:19.172+05:00  INFO 6808 --- [main] liquibase.changelog                      : New row inserted into Users
2023-09-06T21:23:19.175+05:00  INFO 6808 --- [main] liquibase.changelog                      : New row inserted into Users
2023-09-06T21:23:19.177+05:00  INFO 6808 --- [main] liquibase.changelog                      : New row inserted into Users
2023-09-06T21:23:19.179+05:00  INFO 6808 --- [main] liquibase.changelog                      : ChangeSet db/changelog/db.changelog-data-Users.yaml::data-Users::bank team ran successfully in 10ms
2023-09-06T21:23:19.181+05:00  INFO 6808 --- [main] liquibase.executor                       : Changelog query completed.
2023-09-06T21:23:19.188+05:00  INFO 6808 --- [main] liquibase.changelog                      : Table Balance created
2023-09-06T21:23:19.190+05:00  INFO 6808 --- [main] liquibase.changelog                      : Primary key added to Balance (balance_id)
2023-09-06T21:23:19.193+05:00  INFO 6808 --- [main] liquibase.changelog                      : Foreign key constraint added to Balance (account_id)
2023-09-06T21:23:19.196+05:00  INFO 6808 --- [main] liquibase.changelog                      : Index balance_ix_01 created
2023-09-06T21:23:19.196+05:00  INFO 6808 --- [main] liquibase.changelog                      : ChangeSet db/changelog/db.changelog-schema-Balance.yaml::schema-Balance::bank team ran successfully in 13ms
2023-09-06T21:23:19.199+05:00  INFO 6808 --- [main] liquibase.executor                       : Changelog query completed.
2023-09-06T21:23:19.204+05:00  INFO 6808 --- [main] liquibase.changelog                      : New row inserted into Balance
2023-09-06T21:23:19.206+05:00  INFO 6808 --- [main] liquibase.changelog                      : New row inserted into Balance
2023-09-06T21:23:19.208+05:00  INFO 6808 --- [main] liquibase.changelog                      : ChangeSet db/changelog/db.changelog-data-Balance.yaml::data-Balance::bank team ran successfully in 6ms
2023-09-06T21:23:19.210+05:00  INFO 6808 --- [main] liquibase.executor                       : Changelog query completed.
2023-09-06T21:23:19.216+05:00  INFO 6808 --- [main] liquibase.changelog                      : Table Transaction created
2023-09-06T21:23:19.218+05:00  INFO 6808 --- [main] liquibase.changelog                      : Primary key added to Transaction (transaction_id)
2023-09-06T21:23:19.221+05:00  INFO 6808 --- [main] liquibase.changelog                      : Foreign key constraint added to Transaction (account_id)
2023-09-06T21:23:19.226+05:00  INFO 6808 --- [main] liquibase.changelog                      : Foreign key constraint added to Transaction (balance_id)
2023-09-06T21:23:19.229+05:00  INFO 6808 --- [main] liquibase.changelog                      : Index transactions_ix_01 created
2023-09-06T21:23:19.233+05:00  INFO 6808 --- [main] liquibase.changelog                      : Index transactions_ix_02 created
2023-09-06T21:23:19.234+05:00  INFO 6808 --- [main] liquibase.changelog                      : ChangeSet db/changelog/db.changelog-schema-Transaction.yaml::schema-Transaction::bank team ran successfully in 21ms
2023-09-06T21:23:19.236+05:00  INFO 6808 --- [main] liquibase.executor                       : Changelog query completed.
2023-09-06T21:23:19.244+05:00  INFO 6808 --- [main] liquibase.changelog                      : New row inserted into Transaction
2023-09-06T21:23:19.247+05:00  INFO 6808 --- [main] liquibase.changelog                      : New row inserted into Transaction
2023-09-06T21:23:19.248+05:00  INFO 6808 --- [main] liquibase.changelog                      : ChangeSet db/changelog/db.changelog-data-Transaction.yaml::data-Transaction::bank team ran successfully in 7ms
2023-09-06T21:23:19.250+05:00  INFO 6808 --- [main] liquibase.executor                       : Changelog query completed.
2023-09-06T21:23:19.252+05:00  INFO 6808 --- [main] liquibase                                : Update command completed successfully.
2023-09-06T21:23:19.256+05:00  INFO 6808 --- [main] liquibase.executor                       : Changelog query completed.
2023-09-06T21:23:19.260+05:00  INFO 6808 --- [main] liquibase.lockservice                    : Successfully released change log lock
2023-09-06T21:23:19.491+05:00  INFO 6808 --- [main] o.hibernate.jpa.internal.util.LogHelper  : HHH000204: Processing PersistenceUnitInfo [name: default]
2023-09-06T21:23:19.608+05:00  INFO 6808 --- [main] org.hibernate.Version                    : HHH000412: Hibernate ORM core version 6.2.6.Final
2023-09-06T21:23:19.612+05:00  INFO 6808 --- [main] org.hibernate.cfg.Environment            : HHH000406: Using bytecode reflection optimizer
2023-09-06T21:23:19.921+05:00  INFO 6808 --- [main] o.h.b.i.BytecodeProviderInitiator        : HHH000021: Bytecode provider name : bytebuddy
2023-09-06T21:23:20.184+05:00  INFO 6808 --- [main] o.s.o.j.p.SpringPersistenceUnitInfo      : No LoadTimeWeaver setup: ignoring JPA class transformer
2023-09-06T21:23:20.655+05:00  INFO 6808 --- [main] o.h.b.i.BytecodeProviderInitiator        : HHH000021: Bytecode provider name : bytebuddy
2023-09-06T21:23:21.914+05:00  INFO 6808 --- [main] o.h.e.t.j.p.i.JtaPlatformInitiator       : HHH000490: Using JtaPlatform implementation: [org.hibernate.engine.transaction.jta.platform.internal.NoJtaPlatform]
2023-09-06T21:23:21.920+05:00  INFO 6808 --- [main] j.LocalContainerEntityManagerFactoryBean : Initialized JPA EntityManagerFactory for persistence unit 'default'
2023-09-06T21:23:22.462+05:00  INFO 6808 --- [main] o.s.d.j.r.query.QueryEnhancerFactory     : Hibernate is in classpath; If applicable, HQL parser will be used.
2023-09-06T21:23:23.036+05:00  WARN 6808 --- [main] .s.s.UserDetailsServiceAutoConfiguration : 

Using generated security password: be151f48-d8b3-48fc-8e7f-b50bdb7f4f42

This generated password is for development use only. Your security configuration must be updated before running your application in production.

2023-09-06T21:23:23.254+05:00  INFO 6808 --- [main] o.s.s.web.DefaultSecurityFilterChain     : Will secure any request with [org.springframework.security.web.session.DisableEncodeUrlFilter@81198ed, org.springframework.security.web.context.request.async.WebAsyncManagerIntegrationFilter@2806fe58, org.springframework.security.web.context.SecurityContextHolderFilter@4194a77f, org.springframework.security.web.header.HeaderWriterFilter@2afe263, org.springframework.security.web.authentication.logout.LogoutFilter@63bdf82d, org.springframework.security.web.authentication.UsernamePasswordAuthenticationFilter@1da40ae8, org.springframework.security.web.authentication.ui.DefaultLoginPageGeneratingFilter@f8b6743, org.springframework.security.web.authentication.ui.DefaultLogoutPageGeneratingFilter@755c29b0, org.springframework.security.web.savedrequest.RequestCacheAwareFilter@2acbbee4, org.springframework.security.web.servletapi.SecurityContextHolderAwareRequestFilter@3446ab40, org.springframework.security.web.authentication.AnonymousAuthenticationFilter@3dc70aa0, org.springframework.security.web.access.ExceptionTranslationFilter@1314ccc1, org.springframework.security.web.access.intercept.AuthorizationFilter@3747877]
2023-09-06T21:23:23.528+05:00 DEBUG 6808 --- [main] s.w.s.m.m.a.RequestMappingHandlerAdapter : ControllerAdvice beans: 0 @ModelAttribute, 0 @InitBinder, 1 RequestBodyAdvice, 1 ResponseBodyAdvice
2023-09-06T21:23:23.716+05:00 DEBUG 6808 --- [main] s.w.s.m.m.a.RequestMappingHandlerMapping : 11 mappings in 'requestMappingHandlerMapping'
2023-09-06T21:23:23.787+05:00 DEBUG 6808 --- [main] o.s.w.s.handler.SimpleUrlHandlerMapping  : Patterns [/webjars/**, /**, /swagger-ui*/*swagger-initializer.js, /swagger-ui*/**] in 'resourceHandlerMapping'
2023-09-06T21:23:23.805+05:00 DEBUG 6808 --- [main] .m.m.a.ExceptionHandlerExceptionResolver : ControllerAdvice beans: 1 @ExceptionHandler, 1 ResponseBodyAdvice
2023-09-06T21:23:24.612+05:00  INFO 6808 --- [main] o.s.b.a.e.web.EndpointLinksResolver      : Exposing 15 endpoint(s) beneath base path '/actuator'
2023-09-06T21:23:24.788+05:00  INFO 6808 --- [main] o.s.b.w.embedded.tomcat.TomcatWebServer  : Tomcat started on port(s): 1080 (http) with context path ''
2023-09-06T21:23:24.832+05:00  INFO 6808 --- [main] org.example.Main                         : Started Main in 13.493 seconds (process running for 14.269)
2023-09-06T21:23:38.244+05:00  INFO 6808 --- [SpringApplicationShutdownHook] j.LocalContainerEntityManagerFactoryBean : Closing JPA EntityManagerFactory for persistence unit 'default'
2023-09-06T21:23:38.249+05:00  INFO 6808 --- [SpringApplicationShutdownHook] com.zaxxer.hikari.HikariDataSource       : HikariPool-1 - Shutdown initiated...
2023-09-06T21:23:38.253+05:00  INFO 6808 --- [SpringApplicationShutdownHook] com.zaxxer.hikari.HikariDataSource       : HikariPool-1 - Shutdown completed.
2023-09-06T21:32:18.119+05:00  INFO 13660 --- [main] org.example.Main                         : Starting Main using Java 20.0.2 with PID 13660 (C:\Users\Alishi\Downloads\to-do\bank-api\target\classes started by Alishi in C:\Users\Alishi\Downloads\to-do\bank-api)
2023-09-06T21:32:18.123+05:00  INFO 13660 --- [main] org.example.Main                         : The following 1 profile is active: "dev"
2023-09-06T21:32:20.454+05:00  INFO 13660 --- [main] .s.d.r.c.RepositoryConfigurationDelegate : Bootstrapping Spring Data JPA repositories in DEFAULT mode.
2023-09-06T21:32:20.592+05:00  INFO 13660 --- [main] .s.d.r.c.RepositoryConfigurationDelegate : Finished Spring Data repository scanning in 120 ms. Found 4 JPA repository interfaces.
2023-09-06T21:32:22.035+05:00  INFO 13660 --- [main] o.s.b.w.embedded.tomcat.TomcatWebServer  : Tomcat initialized with port(s): 1080 (http)
2023-09-06T21:32:22.069+05:00  INFO 13660 --- [main] o.apache.catalina.core.StandardService   : Starting service [Tomcat]
2023-09-06T21:32:22.069+05:00  INFO 13660 --- [main] o.apache.catalina.core.StandardEngine    : Starting Servlet engine: [Apache Tomcat/10.1.11]
2023-09-06T21:32:23.196+05:00  INFO 13660 --- [main] o.a.c.c.C.[Tomcat].[localhost].[/]       : Initializing Spring embedded WebApplicationContext
2023-09-06T21:32:23.197+05:00  INFO 13660 --- [main] w.s.c.ServletWebServerApplicationContext : Root WebApplicationContext: initialization completed in 4966 ms
2023-09-06T21:32:23.489+05:00  INFO 13660 --- [main] com.zaxxer.hikari.HikariDataSource       : HikariPool-1 - Starting...
2023-09-06T21:32:23.992+05:00  INFO 13660 --- [main] com.zaxxer.hikari.pool.HikariPool        : HikariPool-1 - Added connection conn0: url=jdbc:h2:mem:account user=SA
2023-09-06T21:32:23.996+05:00  INFO 13660 --- [main] com.zaxxer.hikari.HikariDataSource       : HikariPool-1 - Start completed.
2023-09-06T21:32:24.019+05:00  INFO 13660 --- [main] o.s.b.a.h2.H2ConsoleAutoConfiguration    : H2 console available at '/h2-console'. Database available at 'jdbc:h2:mem:account'
2023-09-06T21:32:24.153+05:00 DEBUG 13660 --- [main] o.s.b.w.s.ServletContextInitializerBeans : Mapping filters: webMvcObservationFilter urls=[/*] order=-2147483647, springSecurityFilterChain urls=[/*] order=-100, characterEncodingFilter urls=[/*] order=-2147483648, formContentFilter urls=[/*] order=-9900, requestContextFilter urls=[/*] order=-105
2023-09-06T21:32:24.154+05:00 DEBUG 13660 --- [main] o.s.b.w.s.ServletContextInitializerBeans : Mapping servlets: dispatcherServlet urls=[/], h2Console urls=[/h2-console/*]
2023-09-06T21:32:24.217+05:00 DEBUG 13660 --- [main] o.s.w.f.ServerHttpObservationFilter      : Filter 'webMvcObservationFilter' configured for use
2023-09-06T21:32:24.489+05:00  INFO 13660 --- [main] liquibase.database                       : Set default schema name to PUBLIC
2023-09-06T21:32:26.051+05:00  INFO 13660 --- [main] liquibase.executor                       : Changelog query completed.
2023-09-06T21:32:26.058+05:00  INFO 13660 --- [main] liquibase.executor                       : Changelog query completed.
2023-09-06T21:32:26.066+05:00  INFO 13660 --- [main] liquibase.executor                       : Changelog query completed.
2023-09-06T21:32:26.073+05:00  INFO 13660 --- [main] liquibase.executor                       : Changelog query completed.
2023-09-06T21:32:26.083+05:00  INFO 13660 --- [main] liquibase.executor                       : Changelog query completed.
2023-09-06T21:32:26.084+05:00  INFO 13660 --- [main] liquibase.lockservice                    : Successfully acquired change log lock
2023-09-06T21:32:26.110+05:00  INFO 13660 --- [main] liquibase.changelog                      : Creating database history table with name: PUBLIC.DATABASECHANGELOG
2023-09-06T21:32:26.118+05:00  INFO 13660 --- [main] liquibase.executor                       : Changelog query completed.
2023-09-06T21:32:26.120+05:00  INFO 13660 --- [main] liquibase.changelog                      : Reading from PUBLIC.DATABASECHANGELOG
2023-09-06T21:32:26.127+05:00  INFO 13660 --- [main] liquibase.executor                       : Changelog query completed.
2023-09-06T21:32:26.129+05:00  INFO 13660 --- [main] liquibase.executor                       : Changelog query completed.
2023-09-06T21:32:26.338+05:00  INFO 13660 --- [main] liquibase.changelog                      : Table Account created
2023-09-06T21:32:26.345+05:00  INFO 13660 --- [main] liquibase.changelog                      : Primary key added to Account (account_id)
2023-09-06T21:32:26.352+05:00  INFO 13660 --- [main] liquibase.changelog                      : Index accounts_ix_01 created
2023-09-06T21:32:26.355+05:00  INFO 13660 --- [main] liquibase.changelog                      : ChangeSet db/changelog/db.changelog-schema-Account.yaml::schema-Account::bank team ran successfully in 60ms
2023-09-06T21:32:26.368+05:00  INFO 13660 --- [main] liquibase.executor                       : Changelog query completed.
2023-09-06T21:32:26.373+05:00  INFO 13660 --- [main] liquibase.executor                       : Changelog query completed.
2023-09-06T21:32:26.382+05:00  INFO 13660 --- [main] liquibase.changelog                      : New row inserted into Account
2023-09-06T21:32:26.387+05:00  INFO 13660 --- [main] liquibase.changelog                      : New row inserted into Account
2023-09-06T21:32:26.388+05:00  INFO 13660 --- [main] liquibase.changelog                      : ChangeSet db/changelog/db.changelog-data-Account.yaml::data-Account::bank team ran successfully in 13ms
2023-09-06T21:32:26.391+05:00  INFO 13660 --- [main] liquibase.executor                       : Changelog query completed.
2023-09-06T21:32:26.403+05:00  INFO 13660 --- [main] liquibase.changelog                      : Table Users created
2023-09-06T21:32:26.405+05:00  INFO 13660 --- [main] liquibase.changelog                      : Primary key added to Users (user_id)
2023-09-06T21:32:26.411+05:00  INFO 13660 --- [main] liquibase.changelog                      : Unique constraint added to Users(user_name)
2023-09-06T21:32:26.423+05:00  INFO 13660 --- [main] liquibase.changelog                      : Foreign key constraint added to Users (account_id)
2023-09-06T21:32:26.425+05:00  INFO 13660 --- [main] liquibase.changelog                      : Index users_ix_01 created
2023-09-06T21:32:26.426+05:00  INFO 13660 --- [main] liquibase.changelog                      : ChangeSet db/changelog/db.changelog-schema-Users.yaml::schema-Users::bank team ran successfully in 31ms
2023-09-06T21:32:26.430+05:00  INFO 13660 --- [main] liquibase.executor                       : Changelog query completed.
2023-09-06T21:32:26.436+05:00  INFO 13660 --- [main] liquibase.changelog                      : New row inserted into Users
2023-09-06T21:32:26.439+05:00  INFO 13660 --- [main] liquibase.changelog                      : New row inserted into Users
2023-09-06T21:32:26.443+05:00  INFO 13660 --- [main] liquibase.changelog                      : New row inserted into Users
2023-09-06T21:32:26.444+05:00  INFO 13660 --- [main] liquibase.changelog                      : ChangeSet db/changelog/db.changelog-data-Users.yaml::data-Users::bank team ran successfully in 12ms
2023-09-06T21:32:26.446+05:00  INFO 13660 --- [main] liquibase.executor                       : Changelog query completed.
2023-09-06T21:32:26.453+05:00  INFO 13660 --- [main] liquibase.changelog                      : Table Balance created
2023-09-06T21:32:26.455+05:00  INFO 13660 --- [main] liquibase.changelog                      : Primary key added to Balance (balance_id)
2023-09-06T21:32:26.458+05:00  INFO 13660 --- [main] liquibase.changelog                      : Foreign key constraint added to Balance (account_id)
2023-09-06T21:32:26.460+05:00  INFO 13660 --- [main] liquibase.changelog                      : Index balance_ix_01 created
2023-09-06T21:32:26.461+05:00  INFO 13660 --- [main] liquibase.changelog                      : ChangeSet db/changelog/db.changelog-schema-Balance.yaml::schema-Balance::bank team ran successfully in 13ms
2023-09-06T21:32:26.464+05:00  INFO 13660 --- [main] liquibase.executor                       : Changelog query completed.
2023-09-06T21:32:26.469+05:00  INFO 13660 --- [main] liquibase.changelog                      : New row inserted into Balance
2023-09-06T21:32:26.472+05:00  INFO 13660 --- [main] liquibase.changelog                      : New row inserted into Balance
2023-09-06T21:32:26.473+05:00  INFO 13660 --- [main] liquibase.changelog                      : ChangeSet db/changelog/db.changelog-data-Balance.yaml::data-Balance::bank team ran successfully in 7ms
2023-09-06T21:32:26.475+05:00  INFO 13660 --- [main] liquibase.executor                       : Changelog query completed.
2023-09-06T21:32:26.481+05:00  INFO 13660 --- [main] liquibase.changelog                      : Table Transaction created
2023-09-06T21:32:26.483+05:00  INFO 13660 --- [main] liquibase.changelog                      : Primary key added to Transaction (transaction_id)
2023-09-06T21:32:26.488+05:00  INFO 13660 --- [main] liquibase.changelog                      : Foreign key constraint added to Transaction (account_id)
2023-09-06T21:32:26.491+05:00  INFO 13660 --- [main] liquibase.changelog                      : Foreign key constraint added to Transaction (balance_id)
2023-09-06T21:32:26.505+05:00  INFO 13660 --- [main] liquibase.changelog                      : Index transactions_ix_01 created
2023-09-06T21:32:26.525+05:00  INFO 13660 --- [main] liquibase.changelog                      : Index transactions_ix_02 created
2023-09-06T21:32:26.548+05:00  INFO 13660 --- [main] liquibase.changelog                      : ChangeSet db/changelog/db.changelog-schema-Transaction.yaml::schema-Transaction::bank team ran successfully in 49ms
2023-09-06T21:32:26.552+05:00  INFO 13660 --- [main] liquibase.executor                       : Changelog query completed.
2023-09-06T21:32:26.572+05:00  INFO 13660 --- [main] liquibase.changelog                      : New row inserted into Transaction
2023-09-06T21:32:26.582+05:00  INFO 13660 --- [main] liquibase.changelog                      : New row inserted into Transaction
2023-09-06T21:32:26.585+05:00  INFO 13660 --- [main] liquibase.changelog                      : ChangeSet db/changelog/db.changelog-data-Transaction.yaml::data-Transaction::bank team ran successfully in 21ms
2023-09-06T21:32:26.588+05:00  INFO 13660 --- [main] liquibase.executor                       : Changelog query completed.
2023-09-06T21:32:26.594+05:00  INFO 13660 --- [main] liquibase                                : Update command completed successfully.
2023-09-06T21:32:26.605+05:00  INFO 13660 --- [main] liquibase.executor                       : Changelog query completed.
2023-09-06T21:32:26.605+05:00  INFO 13660 --- [main] liquibase.lockservice                    : Successfully released change log lock
2023-09-06T21:32:26.836+05:00  INFO 13660 --- [main] o.hibernate.jpa.internal.util.LogHelper  : HHH000204: Processing PersistenceUnitInfo [name: default]
2023-09-06T21:32:26.959+05:00  INFO 13660 --- [main] org.hibernate.Version                    : HHH000412: Hibernate ORM core version 6.2.6.Final
2023-09-06T21:32:26.963+05:00  INFO 13660 --- [main] org.hibernate.cfg.Environment            : HHH000406: Using bytecode reflection optimizer
2023-09-06T21:32:27.272+05:00  INFO 13660 --- [main] o.h.b.i.BytecodeProviderInitiator        : HHH000021: Bytecode provider name : bytebuddy
2023-09-06T21:32:27.533+05:00  INFO 13660 --- [main] o.s.o.j.p.SpringPersistenceUnitInfo      : No LoadTimeWeaver setup: ignoring JPA class transformer
2023-09-06T21:32:27.893+05:00  INFO 13660 --- [main] o.h.b.i.BytecodeProviderInitiator        : HHH000021: Bytecode provider name : bytebuddy
2023-09-06T21:32:28.917+05:00  INFO 13660 --- [main] o.h.e.t.j.p.i.JtaPlatformInitiator       : HHH000490: Using JtaPlatform implementation: [org.hibernate.engine.transaction.jta.platform.internal.NoJtaPlatform]
2023-09-06T21:32:28.922+05:00  INFO 13660 --- [main] j.LocalContainerEntityManagerFactoryBean : Initialized JPA EntityManagerFactory for persistence unit 'default'
2023-09-06T21:32:29.430+05:00  INFO 13660 --- [main] o.s.d.j.r.query.QueryEnhancerFactory     : Hibernate is in classpath; If applicable, HQL parser will be used.
2023-09-06T21:32:30.249+05:00  WARN 13660 --- [main] .s.s.UserDetailsServiceAutoConfiguration : 

Using generated security password: 0f72e374-0555-4f5d-8320-702b639112b4

This generated password is for development use only. Your security configuration must be updated before running your application in production.

2023-09-06T21:32:30.523+05:00  INFO 13660 --- [main] o.s.s.web.DefaultSecurityFilterChain     : Will secure any request with [org.springframework.security.web.session.DisableEncodeUrlFilter@2806fe58, org.springframework.security.web.context.request.async.WebAsyncManagerIntegrationFilter@755c29b0, org.springframework.security.web.context.SecurityContextHolderFilter@3c55e9d4, org.springframework.security.web.header.HeaderWriterFilter@6c4f48e2, org.springframework.security.web.authentication.logout.LogoutFilter@1da40ae8, org.springframework.security.web.authentication.UsernamePasswordAuthenticationFilter@1766b009, org.springframework.security.web.authentication.ui.DefaultLoginPageGeneratingFilter@644eed73, org.springframework.security.web.authentication.ui.DefaultLogoutPageGeneratingFilter@3dc70aa0, org.springframework.security.web.savedrequest.RequestCacheAwareFilter@3446ab40, org.springframework.security.web.servletapi.SecurityContextHolderAwareRequestFilter@500d4de8, org.springframework.security.web.authentication.AnonymousAuthenticationFilter@39153b05, org.springframework.security.web.access.ExceptionTranslationFilter@609f136b, org.springframework.security.web.access.intercept.AuthorizationFilter@86abdbd]
2023-09-06T21:32:30.764+05:00 DEBUG 13660 --- [main] s.w.s.m.m.a.RequestMappingHandlerAdapter : ControllerAdvice beans: 0 @ModelAttribute, 0 @InitBinder, 1 RequestBodyAdvice, 1 ResponseBodyAdvice
2023-09-06T21:32:30.951+05:00 DEBUG 13660 --- [main] s.w.s.m.m.a.RequestMappingHandlerMapping : 11 mappings in 'requestMappingHandlerMapping'
2023-09-06T21:32:31.026+05:00 DEBUG 13660 --- [main] o.s.w.s.handler.SimpleUrlHandlerMapping  : Patterns [/webjars/**, /**, /swagger-ui*/*swagger-initializer.js, /swagger-ui*/**] in 'resourceHandlerMapping'
2023-09-06T21:32:31.045+05:00 DEBUG 13660 --- [main] .m.m.a.ExceptionHandlerExceptionResolver : ControllerAdvice beans: 1 @ExceptionHandler, 1 ResponseBodyAdvice
2023-09-06T21:32:31.754+05:00  INFO 13660 --- [main] o.s.b.a.e.web.EndpointLinksResolver      : Exposing 15 endpoint(s) beneath base path '/actuator'
2023-09-06T21:32:31.935+05:00  INFO 13660 --- [main] o.s.b.w.embedded.tomcat.TomcatWebServer  : Tomcat started on port(s): 1080 (http) with context path ''
2023-09-06T21:32:31.973+05:00  INFO 13660 --- [main] org.example.Main                         : Started Main in 14.844 seconds (process running for 15.554)
2023-09-06T21:37:49.801+05:00  INFO 13660 --- [SpringApplicationShutdownHook] j.LocalContainerEntityManagerFactoryBean : Closing JPA EntityManagerFactory for persistence unit 'default'
2023-09-06T21:37:49.805+05:00  INFO 13660 --- [SpringApplicationShutdownHook] com.zaxxer.hikari.HikariDataSource       : HikariPool-1 - Shutdown initiated...
2023-09-06T21:37:49.808+05:00  INFO 13660 --- [SpringApplicationShutdownHook] com.zaxxer.hikari.HikariDataSource       : HikariPool-1 - Shutdown completed.
