2023-09-11T17:03:14.707+05:00  INFO DESKTOP-13NIND8 8584 --- [main] org.example.Main                         : Starting Main using Java 19.0.2 with PID 8584 (C:\Users\alishba.mahmood\Downloads\Bank_App_3\Assignment\bank-api\target\classes started by alishba.mahmood in C:\Users\alishba.mahmood\Downloads\Bank_App_3\Assignment\bank-api)
2023-09-11T17:03:14.710+05:00  INFO DESKTOP-13NIND8 8584 --- [main] org.example.Main                         : The following 1 profile is active: "dev"
2023-09-11T17:03:15.637+05:00  INFO DESKTOP-13NIND8 8584 --- [main] .s.d.r.c.RepositoryConfigurationDelegate : Bootstrapping Spring Data JPA repositories in DEFAULT mode.
2023-09-11T17:03:15.692+05:00  INFO DESKTOP-13NIND8 8584 --- [main] .s.d.r.c.RepositoryConfigurationDelegate : Finished Spring Data repository scanning in 48 ms. Found 4 JPA repository interfaces.
2023-09-11T17:03:16.314+05:00  INFO DESKTOP-13NIND8 8584 --- [main] o.s.b.w.embedded.tomcat.TomcatWebServer  : Tomcat initialized with port(s): 1080 (http)
2023-09-11T17:03:16.322+05:00  INFO DESKTOP-13NIND8 8584 --- [main] o.apache.catalina.core.StandardService   : Starting service [Tomcat]
2023-09-11T17:03:16.322+05:00  INFO DESKTOP-13NIND8 8584 --- [main] o.apache.catalina.core.StandardEngine    : Starting Servlet engine: [Apache Tomcat/10.1.11]
2023-09-11T17:03:16.421+05:00  INFO DESKTOP-13NIND8 8584 --- [main] o.a.c.c.C.[Tomcat].[localhost].[/bank]   : Initializing Spring embedded WebApplicationContext
2023-09-11T17:03:16.422+05:00  INFO DESKTOP-13NIND8 8584 --- [main] w.s.c.ServletWebServerApplicationContext : Root WebApplicationContext: initialization completed in 1674 ms
2023-09-11T17:03:16.524+05:00  INFO DESKTOP-13NIND8 8584 --- [main] com.zaxxer.hikari.HikariDataSource       : HikariPool-1 - Starting...
2023-09-11T17:03:16.698+05:00  INFO DESKTOP-13NIND8 8584 --- [main] com.zaxxer.hikari.pool.HikariPool        : HikariPool-1 - Added connection conn0: url=jdbc:h2:mem:bank user=SA
2023-09-11T17:03:16.699+05:00  INFO DESKTOP-13NIND8 8584 --- [main] com.zaxxer.hikari.HikariDataSource       : HikariPool-1 - Start completed.
2023-09-11T17:03:16.708+05:00  INFO DESKTOP-13NIND8 8584 --- [main] o.s.b.a.h2.H2ConsoleAutoConfiguration    : H2 console available at '/h2-console'. Database available at 'jdbc:h2:mem:bank'
2023-09-11T17:03:16.765+05:00 DEBUG DESKTOP-13NIND8 8584 --- [main] o.s.b.w.s.ServletContextInitializerBeans : Mapping filters: webMvcObservationFilter urls=[/*] order=-2147483647, springSecurityFilterChain urls=[/*] order=-100, characterEncodingFilter urls=[/*] order=-2147483648, formContentFilter urls=[/*] order=-9900, requestContextFilter urls=[/*] order=-105
2023-09-11T17:03:16.765+05:00 DEBUG DESKTOP-13NIND8 8584 --- [main] o.s.b.w.s.ServletContextInitializerBeans : Mapping servlets: dispatcherServlet urls=[/], h2Console urls=[/h2-console/*]
2023-09-11T17:03:16.790+05:00 DEBUG DESKTOP-13NIND8 8584 --- [main] o.s.w.f.ServerHttpObservationFilter      : Filter 'webMvcObservationFilter' configured for use
2023-09-11T17:03:16.891+05:00  INFO DESKTOP-13NIND8 8584 --- [main] liquibase.database                       : Set default schema name to PUBLIC
2023-09-11T17:03:17.281+05:00  INFO DESKTOP-13NIND8 8584 --- [main] liquibase.executor                       : Changelog query completed.
2023-09-11T17:03:17.283+05:00  INFO DESKTOP-13NIND8 8584 --- [main] liquibase.executor                       : Changelog query completed.
2023-09-11T17:03:17.287+05:00  INFO DESKTOP-13NIND8 8584 --- [main] liquibase.executor                       : Changelog query completed.
2023-09-11T17:03:17.290+05:00  INFO DESKTOP-13NIND8 8584 --- [main] liquibase.executor                       : Changelog query completed.
2023-09-11T17:03:17.294+05:00  INFO DESKTOP-13NIND8 8584 --- [main] liquibase.executor                       : Changelog query completed.
2023-09-11T17:03:17.295+05:00  INFO DESKTOP-13NIND8 8584 --- [main] liquibase.lockservice                    : Successfully acquired change log lock
2023-09-11T17:03:17.306+05:00  INFO DESKTOP-13NIND8 8584 --- [main] liquibase.changelog                      : Creating database history table with name: PUBLIC.DATABASECHANGELOG
2023-09-11T17:03:17.309+05:00  INFO DESKTOP-13NIND8 8584 --- [main] liquibase.executor                       : Changelog query completed.
2023-09-11T17:03:17.310+05:00  INFO DESKTOP-13NIND8 8584 --- [main] liquibase.changelog                      : Reading from PUBLIC.DATABASECHANGELOG
2023-09-11T17:03:17.311+05:00  INFO DESKTOP-13NIND8 8584 --- [main] liquibase.executor                       : Changelog query completed.
2023-09-11T17:03:17.312+05:00  INFO DESKTOP-13NIND8 8584 --- [main] liquibase.executor                       : Changelog query completed.
2023-09-11T17:03:17.364+05:00  INFO DESKTOP-13NIND8 8584 --- [main] liquibase.changelog                      : Table Account created
2023-09-11T17:03:17.365+05:00  INFO DESKTOP-13NIND8 8584 --- [main] liquibase.changelog                      : Primary key added to Account (account_id)
2023-09-11T17:03:17.367+05:00  INFO DESKTOP-13NIND8 8584 --- [main] liquibase.changelog                      : Index accounts_ix_01 created
2023-09-11T17:03:17.368+05:00  INFO DESKTOP-13NIND8 8584 --- [main] liquibase.changelog                      : ChangeSet db/changelog/db.changelog-schema-Account.yaml::schema-Account::bank team ran successfully in 9ms
2023-09-11T17:03:17.370+05:00  INFO DESKTOP-13NIND8 8584 --- [main] liquibase.executor                       : Changelog query completed.
2023-09-11T17:03:17.372+05:00  INFO DESKTOP-13NIND8 8584 --- [main] liquibase.executor                       : Changelog query completed.
2023-09-11T17:03:17.374+05:00  INFO DESKTOP-13NIND8 8584 --- [main] liquibase.changelog                      : New row inserted into Account
2023-09-11T17:03:17.375+05:00  INFO DESKTOP-13NIND8 8584 --- [main] liquibase.changelog                      : New row inserted into Account
2023-09-11T17:03:17.375+05:00  INFO DESKTOP-13NIND8 8584 --- [main] liquibase.changelog                      : New row inserted into Account
2023-09-11T17:03:17.376+05:00  INFO DESKTOP-13NIND8 8584 --- [main] liquibase.changelog                      : New row inserted into Account
2023-09-11T17:03:17.377+05:00  INFO DESKTOP-13NIND8 8584 --- [main] liquibase.changelog                      : ChangeSet db/changelog/db.changelog-data-Account.yaml::data-Account::bank team ran successfully in 5ms
2023-09-11T17:03:17.378+05:00  INFO DESKTOP-13NIND8 8584 --- [main] liquibase.executor                       : Changelog query completed.
2023-09-11T17:03:17.381+05:00  INFO DESKTOP-13NIND8 8584 --- [main] liquibase.changelog                      : Table Users created
2023-09-11T17:03:17.382+05:00  INFO DESKTOP-13NIND8 8584 --- [main] liquibase.changelog                      : Primary key added to Users (user_id)
2023-09-11T17:03:17.386+05:00  INFO DESKTOP-13NIND8 8584 --- [main] liquibase.changelog                      : Foreign key constraint added to Users (account_id)
2023-09-11T17:03:17.387+05:00  INFO DESKTOP-13NIND8 8584 --- [main] liquibase.changelog                      : Index users_ix_01 created
2023-09-11T17:03:17.388+05:00  INFO DESKTOP-13NIND8 8584 --- [main] liquibase.changelog                      : ChangeSet db/changelog/db.changelog-schema-Users.yaml::schema-Users::bank team ran successfully in 9ms
2023-09-11T17:03:17.389+05:00  INFO DESKTOP-13NIND8 8584 --- [main] liquibase.executor                       : Changelog query completed.
2023-09-11T17:03:17.390+05:00  INFO DESKTOP-13NIND8 8584 --- [main] liquibase.changelog                      : New row inserted into Users
2023-09-11T17:03:17.391+05:00  INFO DESKTOP-13NIND8 8584 --- [main] liquibase.changelog                      : New row inserted into Users
2023-09-11T17:03:17.392+05:00  INFO DESKTOP-13NIND8 8584 --- [main] liquibase.changelog                      : New row inserted into Users
2023-09-11T17:03:17.393+05:00  INFO DESKTOP-13NIND8 8584 --- [main] liquibase.changelog                      : New row inserted into Users
2023-09-11T17:03:17.393+05:00  INFO DESKTOP-13NIND8 8584 --- [main] liquibase.changelog                      : New row inserted into Users
2023-09-11T17:03:17.394+05:00  INFO DESKTOP-13NIND8 8584 --- [main] liquibase.changelog                      : ChangeSet db/changelog/db.changelog-data-Users.yaml::data-Users::bank team ran successfully in 4ms
2023-09-11T17:03:17.395+05:00  INFO DESKTOP-13NIND8 8584 --- [main] liquibase.executor                       : Changelog query completed.
2023-09-11T17:03:17.397+05:00  INFO DESKTOP-13NIND8 8584 --- [main] liquibase.changelog                      : Table Balance created
2023-09-11T17:03:17.398+05:00  INFO DESKTOP-13NIND8 8584 --- [main] liquibase.changelog                      : Primary key added to Balance (balance_id)
2023-09-11T17:03:17.400+05:00  INFO DESKTOP-13NIND8 8584 --- [main] liquibase.changelog                      : Foreign key constraint added to Balance (account_id)
2023-09-11T17:03:17.400+05:00  INFO DESKTOP-13NIND8 8584 --- [main] liquibase.changelog                      : Index balance_ix_01 created
2023-09-11T17:03:17.401+05:00  INFO DESKTOP-13NIND8 8584 --- [main] liquibase.changelog                      : ChangeSet db/changelog/db.changelog-schema-Balance.yaml::schema-Balance::bank team ran successfully in 5ms
2023-09-11T17:03:17.402+05:00  INFO DESKTOP-13NIND8 8584 --- [main] liquibase.executor                       : Changelog query completed.
2023-09-11T17:03:17.403+05:00  INFO DESKTOP-13NIND8 8584 --- [main] liquibase.changelog                      : New row inserted into Balance
2023-09-11T17:03:17.404+05:00  INFO DESKTOP-13NIND8 8584 --- [main] liquibase.changelog                      : New row inserted into Balance
2023-09-11T17:03:17.405+05:00  INFO DESKTOP-13NIND8 8584 --- [main] liquibase.changelog                      : New row inserted into Balance
2023-09-11T17:03:17.406+05:00  INFO DESKTOP-13NIND8 8584 --- [main] liquibase.changelog                      : New row inserted into Balance
2023-09-11T17:03:17.406+05:00  INFO DESKTOP-13NIND8 8584 --- [main] liquibase.changelog                      : ChangeSet db/changelog/db.changelog-data-Balance.yaml::data-Balance::bank team ran successfully in 4ms
2023-09-11T17:03:17.407+05:00  INFO DESKTOP-13NIND8 8584 --- [main] liquibase.executor                       : Changelog query completed.
2023-09-11T17:03:17.409+05:00  INFO DESKTOP-13NIND8 8584 --- [main] liquibase.changelog                      : Table Transaction created
2023-09-11T17:03:17.410+05:00  INFO DESKTOP-13NIND8 8584 --- [main] liquibase.changelog                      : Primary key added to Transaction (transaction_id)
2023-09-11T17:03:17.411+05:00  INFO DESKTOP-13NIND8 8584 --- [main] liquibase.changelog                      : Foreign key constraint added to Transaction (account_id)
2023-09-11T17:03:17.413+05:00  INFO DESKTOP-13NIND8 8584 --- [main] liquibase.changelog                      : Foreign key constraint added to Transaction (balance_id)
2023-09-11T17:03:17.414+05:00  INFO DESKTOP-13NIND8 8584 --- [main] liquibase.changelog                      : Index transactions_ix_01 created
2023-09-11T17:03:17.415+05:00  INFO DESKTOP-13NIND8 8584 --- [main] liquibase.changelog                      : Index transactions_ix_02 created
2023-09-11T17:03:17.415+05:00  INFO DESKTOP-13NIND8 8584 --- [main] liquibase.changelog                      : ChangeSet db/changelog/db.changelog-schema-Transaction.yaml::schema-Transaction::bank team ran successfully in 7ms
2023-09-11T17:03:17.416+05:00  INFO DESKTOP-13NIND8 8584 --- [main] liquibase.executor                       : Changelog query completed.
2023-09-11T17:03:17.418+05:00  INFO DESKTOP-13NIND8 8584 --- [main] liquibase.changelog                      : New row inserted into Transaction
2023-09-11T17:03:17.419+05:00  INFO DESKTOP-13NIND8 8584 --- [main] liquibase.changelog                      : New row inserted into Transaction
2023-09-11T17:03:17.420+05:00  INFO DESKTOP-13NIND8 8584 --- [main] liquibase.changelog                      : New row inserted into Transaction
2023-09-11T17:03:17.421+05:00  INFO DESKTOP-13NIND8 8584 --- [main] liquibase.changelog                      : ChangeSet db/changelog/db.changelog-data-Transaction.yaml::data-Transaction::bank team ran successfully in 4ms
2023-09-11T17:03:17.422+05:00  INFO DESKTOP-13NIND8 8584 --- [main] liquibase.executor                       : Changelog query completed.
2023-09-11T17:03:17.423+05:00  INFO DESKTOP-13NIND8 8584 --- [main] liquibase                                : Update command completed successfully.
2023-09-11T17:03:17.424+05:00  INFO DESKTOP-13NIND8 8584 --- [main] liquibase.executor                       : Changelog query completed.
2023-09-11T17:03:17.425+05:00  INFO DESKTOP-13NIND8 8584 --- [main] liquibase.lockservice                    : Successfully released change log lock
2023-09-11T17:03:17.497+05:00  INFO DESKTOP-13NIND8 8584 --- [main] o.hibernate.jpa.internal.util.LogHelper  : HHH000204: Processing PersistenceUnitInfo [name: default]
2023-09-11T17:03:17.563+05:00  INFO DESKTOP-13NIND8 8584 --- [main] org.hibernate.Version                    : HHH000412: Hibernate ORM core version 6.2.6.Final
2023-09-11T17:03:17.565+05:00  INFO DESKTOP-13NIND8 8584 --- [main] org.hibernate.cfg.Environment            : HHH000406: Using bytecode reflection optimizer
2023-09-11T17:03:17.691+05:00  INFO DESKTOP-13NIND8 8584 --- [main] o.h.b.i.BytecodeProviderInitiator        : HHH000021: Bytecode provider name : bytebuddy
2023-09-11T17:03:17.816+05:00  INFO DESKTOP-13NIND8 8584 --- [main] o.s.o.j.p.SpringPersistenceUnitInfo      : No LoadTimeWeaver setup: ignoring JPA class transformer
2023-09-11T17:03:18.003+05:00  INFO DESKTOP-13NIND8 8584 --- [main] o.h.b.i.BytecodeProviderInitiator        : HHH000021: Bytecode provider name : bytebuddy
2023-09-11T17:03:18.541+05:00  INFO DESKTOP-13NIND8 8584 --- [main] o.h.e.t.j.p.i.JtaPlatformInitiator       : HHH000490: Using JtaPlatform implementation: [org.hibernate.engine.transaction.jta.platform.internal.NoJtaPlatform]
2023-09-11T17:03:18.544+05:00  INFO DESKTOP-13NIND8 8584 --- [main] j.LocalContainerEntityManagerFactoryBean : Initialized JPA EntityManagerFactory for persistence unit 'default'
2023-09-11T17:03:18.765+05:00  INFO DESKTOP-13NIND8 8584 --- [main] o.s.d.j.r.query.QueryEnhancerFactory     : Hibernate is in classpath; If applicable, HQL parser will be used.
2023-09-11T17:03:19.165+05:00  INFO DESKTOP-13NIND8 8584 --- [main] o.s.s.web.DefaultSecurityFilterChain     : Will secure any request with [org.springframework.security.web.session.DisableEncodeUrlFilter@5e8633da, org.springframework.security.web.context.request.async.WebAsyncManagerIntegrationFilter@70c3c5d7, org.springframework.security.web.context.SecurityContextHolderFilter@16c3e494, org.springframework.security.web.header.HeaderWriterFilter@4842a683, org.springframework.security.web.csrf.CsrfFilter@6ee34fe4, org.springframework.security.web.authentication.logout.LogoutFilter@31048b3d, org.springframework.security.web.authentication.UsernamePasswordAuthenticationFilter@4d609cc3, org.springframework.security.web.authentication.ui.DefaultLoginPageGeneratingFilter@6e212f38, org.springframework.security.web.authentication.ui.DefaultLogoutPageGeneratingFilter@236e6563, org.springframework.security.web.savedrequest.RequestCacheAwareFilter@2f4c83f1, org.springframework.security.web.servletapi.SecurityContextHolderAwareRequestFilter@5a90ea5c, org.springframework.security.web.authentication.AnonymousAuthenticationFilter@528070fe, org.springframework.security.web.access.ExceptionTranslationFilter@64cbc28e, org.springframework.security.web.access.intercept.AuthorizationFilter@6019ce4b]
2023-09-11T17:03:19.275+05:00 DEBUG DESKTOP-13NIND8 8584 --- [main] s.w.s.m.m.a.RequestMappingHandlerAdapter : ControllerAdvice beans: 0 @ModelAttribute, 0 @InitBinder, 1 RequestBodyAdvice, 1 ResponseBodyAdvice
2023-09-11T17:03:19.365+05:00 DEBUG DESKTOP-13NIND8 8584 --- [main] s.w.s.m.m.a.RequestMappingHandlerMapping : 22 mappings in 'requestMappingHandlerMapping'
2023-09-11T17:03:19.402+05:00 DEBUG DESKTOP-13NIND8 8584 --- [main] o.s.w.s.handler.SimpleUrlHandlerMapping  : Patterns [/webjars/**, /**, /swagger-ui*/*swagger-initializer.js, /swagger-ui*/**] in 'resourceHandlerMapping'
2023-09-11T17:03:19.417+05:00 DEBUG DESKTOP-13NIND8 8584 --- [main] .m.m.a.ExceptionHandlerExceptionResolver : ControllerAdvice beans: 1 @ExceptionHandler, 1 ResponseBodyAdvice
2023-09-11T17:03:19.777+05:00  INFO DESKTOP-13NIND8 8584 --- [main] o.s.b.a.e.web.EndpointLinksResolver      : Exposing 15 endpoint(s) beneath base path '/actuator'
2023-09-11T17:03:19.859+05:00  INFO DESKTOP-13NIND8 8584 --- [main] o.s.b.w.embedded.tomcat.TomcatWebServer  : Tomcat started on port(s): 1080 (http) with context path '/bank'
2023-09-11T17:03:19.872+05:00  INFO DESKTOP-13NIND8 8584 --- [main] org.example.Main                         : Started Main in 5.623 seconds (process running for 5.94)
